TpTrace Verbose: 0 : 30556, 1, 2023/08/16, 00:02:18.252, 5572139217721, vstest.console.dll, Version: 17.4.0-release-20221019-01 Current process architecture: X64
TpTrace Verbose: 0 : 30556, 1, 2023/08/16, 00:02:18.253, 5572139233017, vstest.console.dll, Runtime location: C:\Program Files\dotnet\shared\Microsoft.NETCore.App\7.0.3
TpTrace Verbose: 0 : 30556, 1, 2023/08/16, 00:02:18.256, 5572139260373, vstest.console.dll, ArtifactProcessingPostProcessModeProcessorExecutor.Initialize: ArtifactProcessingMode.Collect
TpTrace Verbose: 0 : 30556, 1, 2023/08/16, 00:02:18.256, 5572139262440, vstest.console.dll, TestSessionCorrelationIdProcessorModeProcessorExecutor.Initialize: TestSessionCorrelationId '10432_37e48c56-a278-4761-8557-995554bd616e'
TpTrace Information: 0 : 30556, 1, 2023/08/16, 00:02:18.267, 5572139371078, vstest.console.dll, FilePatternParser: The given file C:\Users\Johny\Documents\GitHub\SoftUniCourseProject_PerfectBudgetApp\PerfectBudgetApp\PerfectBudget.Test\bin\Debug\net6.0\fine-code-coverage\build-output\PerfectBudget.Test.dll is a full path.
TpTrace Verbose: 0 : 30556, 1, 2023/08/16, 00:02:18.271, 5572139415982, vstest.console.dll, TestPluginCache.DiscoverTestExtensions: finding test extensions in assemblies ends with: RuntimeProvider.dll TPluginInfo: Microsoft.VisualStudio.TestPlatform.Common.ExtensionFramework.Utilities.TestRuntimePluginInformation TExtension: Microsoft.VisualStudio.TestPlatform.ObjectModel.Host.ITestRuntimeProvider
TpTrace Verbose: 0 : 30556, 1, 2023/08/16, 00:02:18.272, 5572139419623, vstest.console.dll, TestPluginCache.GetExtensionPaths: Filtered extension paths: 
TpTrace Verbose: 0 : 30556, 1, 2023/08/16, 00:02:18.272, 5572139420963, vstest.console.dll, TestPluginCache.GetExtensionPaths: Added default extension paths: C:\Program Files\dotnet\sdk\7.0.103\Extensions\Microsoft.Diagnostics.NETCore.Client.dll
C:\Program Files\dotnet\sdk\7.0.103\Extensions\Microsoft.TestPlatform.Extensions.BlameDataCollector.dll
C:\Program Files\dotnet\sdk\7.0.103\Extensions\Microsoft.TestPlatform.Extensions.EventLogCollector.dll
C:\Program Files\dotnet\sdk\7.0.103\Extensions\Microsoft.TestPlatform.TestHostRuntimeProvider.dll
C:\Program Files\dotnet\sdk\7.0.103\Extensions\Microsoft.VisualStudio.TestPlatform.Extensions.Html.TestLogger.dll
C:\Program Files\dotnet\sdk\7.0.103\Extensions\Microsoft.VisualStudio.TestPlatform.Extensions.Trx.TestLogger.dll
TpTrace Verbose: 0 : 30556, 1, 2023/08/16, 00:02:18.272, 5572139421543, vstest.console.dll, TestPluginCache.GetExtensionPaths: Added unfilterableExtensionPaths: 
TpTrace Information: 0 : 30556, 1, 2023/08/16, 00:02:18.273, 5572139429153, vstest.console.dll, AssemblyResolver.ctor: Creating AssemblyResolver with searchDirectories C:\Program Files\dotnet\sdk\7.0.103\Extensions,C:\Program Files\dotnet\sdk\7.0.103
TpTrace Verbose: 0 : 30556, 1, 2023/08/16, 00:02:18.274, 5572139441187, vstest.console.dll, TestPluginCache.DiscoverTestExtensions: Discovering the extensions using extension path.
TpTrace Verbose: 0 : 30556, 1, 2023/08/16, 00:02:18.274, 5572139442635, vstest.console.dll, TestPluginCache.GetExtensionPaths: Filtered extension paths: 
TpTrace Verbose: 0 : 30556, 1, 2023/08/16, 00:02:18.274, 5572139443435, vstest.console.dll, TestPluginCache.GetExtensionPaths: Added default extension paths: C:\Program Files\dotnet\sdk\7.0.103\Extensions\Microsoft.Diagnostics.NETCore.Client.dll
C:\Program Files\dotnet\sdk\7.0.103\Extensions\Microsoft.TestPlatform.Extensions.BlameDataCollector.dll
C:\Program Files\dotnet\sdk\7.0.103\Extensions\Microsoft.TestPlatform.Extensions.EventLogCollector.dll
C:\Program Files\dotnet\sdk\7.0.103\Extensions\Microsoft.TestPlatform.TestHostRuntimeProvider.dll
C:\Program Files\dotnet\sdk\7.0.103\Extensions\Microsoft.VisualStudio.TestPlatform.Extensions.Html.TestLogger.dll
C:\Program Files\dotnet\sdk\7.0.103\Extensions\Microsoft.VisualStudio.TestPlatform.Extensions.Trx.TestLogger.dll
TpTrace Verbose: 0 : 30556, 1, 2023/08/16, 00:02:18.274, 5572139443956, vstest.console.dll, TestPluginCache.GetExtensionPaths: Added unfilterableExtensionPaths: 
TpTrace Verbose: 0 : 30556, 1, 2023/08/16, 00:02:18.274, 5572139445471, vstest.console.dll, TestPluginCache.DiscoverTestExtensions: Discovering the extensions using allExtensionPaths: C:\Program Files\dotnet\sdk\7.0.103\Extensions\Microsoft.Diagnostics.NETCore.Client.dll
C:\Program Files\dotnet\sdk\7.0.103\Extensions\Microsoft.TestPlatform.Extensions.BlameDataCollector.dll
C:\Program Files\dotnet\sdk\7.0.103\Extensions\Microsoft.TestPlatform.Extensions.EventLogCollector.dll
C:\Program Files\dotnet\sdk\7.0.103\Extensions\Microsoft.TestPlatform.TestHostRuntimeProvider.dll
C:\Program Files\dotnet\sdk\7.0.103\Extensions\Microsoft.VisualStudio.TestPlatform.Extensions.Html.TestLogger.dll
C:\Program Files\dotnet\sdk\7.0.103\Extensions\Microsoft.VisualStudio.TestPlatform.Extensions.Trx.TestLogger.dll
TpTrace Information: 0 : 30556, 1, 2023/08/16, 00:02:18.274, 5572139446607, vstest.console.dll, AssemblyResolver.AddSearchDirectories: Adding more searchDirectories C:\Program Files\dotnet\sdk\7.0.103\Extensions,C:\Program Files\dotnet\sdk\7.0.103
TpTrace Information: 0 : 30556, 1, 2023/08/16, 00:02:18.275, 5572139447220, vstest.console.dll, AssemblyResolver.AddSearchDirectories: Adding more searchDirectories C:\Program Files\dotnet\sdk\7.0.103\Extensions,C:\Program Files\dotnet\sdk\7.0.103
TpTrace Information: 0 : 30556, 1, 2023/08/16, 00:02:18.275, 5572139447870, vstest.console.dll, AssemblyResolver.AddSearchDirectories: Adding more searchDirectories C:\Program Files\dotnet\sdk\7.0.103\Extensions,C:\Program Files\dotnet\sdk\7.0.103
TpTrace Information: 0 : 30556, 1, 2023/08/16, 00:02:18.275, 5572139448305, vstest.console.dll, AssemblyResolver.AddSearchDirectories: Adding more searchDirectories C:\Program Files\dotnet\sdk\7.0.103\Extensions,C:\Program Files\dotnet\sdk\7.0.103
TpTrace Information: 0 : 30556, 1, 2023/08/16, 00:02:18.275, 5572139448721, vstest.console.dll, AssemblyResolver.AddSearchDirectories: Adding more searchDirectories C:\Program Files\dotnet\sdk\7.0.103\Extensions,C:\Program Files\dotnet\sdk\7.0.103
TpTrace Information: 0 : 30556, 1, 2023/08/16, 00:02:18.275, 5572139449182, vstest.console.dll, AssemblyResolver.AddSearchDirectories: Adding more searchDirectories C:\Program Files\dotnet\sdk\7.0.103\Extensions,C:\Program Files\dotnet\sdk\7.0.103
TpTrace Information: 0 : 30556, 1, 2023/08/16, 00:02:18.275, 5572139453100, vstest.console.dll, AssemblyResolver.OnResolve: Microsoft.Diagnostics.NETCore.Client: Resolving assembly.
TpTrace Information: 0 : 30556, 1, 2023/08/16, 00:02:18.275, 5572139453831, vstest.console.dll, AssemblyResolver.OnResolve: Microsoft.Diagnostics.NETCore.Client: Searching in: 'C:\Program Files\dotnet\sdk\7.0.103\Extensions'.
TpTrace Information: 0 : 30556, 1, 2023/08/16, 00:02:18.281, 5572139514512, vstest.console.dll, AssemblyResolver.OnResolve: Microsoft.Diagnostics.NETCore.Client: Loading assembly 'C:\Program Files\dotnet\sdk\7.0.103\Extensions\Microsoft.Diagnostics.NETCore.Client.dll'.
TpTrace Information: 0 : 30556, 1, 2023/08/16, 00:02:18.282, 5572139519256, vstest.console.dll, AssemblyResolver.OnResolve: Resolved assembly: Microsoft.Diagnostics.NETCore.Client, from path: C:\Program Files\dotnet\sdk\7.0.103\Extensions\Microsoft.Diagnostics.NETCore.Client.dll
TpTrace Verbose: 0 : 30556, 1, 2023/08/16, 00:02:18.283, 5572139529497, vstest.console.dll, MetadataReaderExtensionsHelper: Discovering extensions inside assembly 'Microsoft.Diagnostics.NETCore.Client, Version=0.2.6.42401, Culture=neutral, PublicKeyToken=31bf3856ad364e35' file path 'C:\Program Files\dotnet\sdk\7.0.103\Extensions\Microsoft.Diagnostics.NETCore.Client.dll'
TpTrace Information: 0 : 30556, 1, 2023/08/16, 00:02:18.286, 5572139564489, vstest.console.dll, AssemblyResolver.OnResolve: Microsoft.Bcl.AsyncInterfaces: Resolving assembly.
TpTrace Information: 0 : 30556, 1, 2023/08/16, 00:02:18.286, 5572139565375, vstest.console.dll, AssemblyResolver.OnResolve: Microsoft.Bcl.AsyncInterfaces: Searching in: 'C:\Program Files\dotnet\sdk\7.0.103\Extensions'.
TpTrace Information: 0 : 30556, 1, 2023/08/16, 00:02:18.286, 5572139566180, vstest.console.dll, AssemblyResolver.OnResolve: Microsoft.Bcl.AsyncInterfaces: Assembly path does not exist: 'C:\Program Files\dotnet\sdk\7.0.103\Extensions\Microsoft.Bcl.AsyncInterfaces.dll', returning.
TpTrace Information: 0 : 30556, 1, 2023/08/16, 00:02:18.287, 5572139567243, vstest.console.dll, AssemblyResolver.OnResolve: Microsoft.Bcl.AsyncInterfaces: Assembly path does not exist: 'C:\Program Files\dotnet\sdk\7.0.103\Extensions\Microsoft.Bcl.AsyncInterfaces.exe', returning.
TpTrace Information: 0 : 30556, 1, 2023/08/16, 00:02:18.287, 5572139567797, vstest.console.dll, AssemblyResolver.OnResolve: Microsoft.Bcl.AsyncInterfaces: Searching in: 'C:\Program Files\dotnet\sdk\7.0.103'.
TpTrace Information: 0 : 30556, 1, 2023/08/16, 00:02:18.287, 5572139568672, vstest.console.dll, AssemblyResolver.OnResolve: Microsoft.Bcl.AsyncInterfaces: Assembly path does not exist: 'C:\Program Files\dotnet\sdk\7.0.103\Microsoft.Bcl.AsyncInterfaces.dll', returning.
TpTrace Information: 0 : 30556, 1, 2023/08/16, 00:02:18.287, 5572139569754, vstest.console.dll, AssemblyResolver.OnResolve: Microsoft.Bcl.AsyncInterfaces: Assembly path does not exist: 'C:\Program Files\dotnet\sdk\7.0.103\Microsoft.Bcl.AsyncInterfaces.exe', returning.
TpTrace Information: 0 : 30556, 1, 2023/08/16, 00:02:18.287, 5572139570353, vstest.console.dll, AssemblyResolver.OnResolve: Microsoft.Bcl.AsyncInterfaces: Failed to load assembly.
TpTrace Verbose: 0 : 30556, 1, 2023/08/16, 00:02:18.287, 5572139570927, vstest.console.dll, CurrentDomainAssemblyResolve: Resolving assembly 'Microsoft.Bcl.AsyncInterfaces'.
TpTrace Information: 0 : 30556, 1, 2023/08/16, 00:02:18.287, 5572139571650, vstest.console.dll, AssemblyResolver.OnResolve: Microsoft.Bcl.AsyncInterfaces: Resolving assembly.
TpTrace Information: 0 : 30556, 1, 2023/08/16, 00:02:18.287, 5572139572275, vstest.console.dll, AssemblyResolver.OnResolve: Microsoft.Bcl.AsyncInterfaces: Resolved from cache.
TpTrace Verbose: 0 : 30556, 1, 2023/08/16, 00:02:18.287, 5572139572813, vstest.console.dll, CurrentDomainAssemblyResolve: Resolving assembly 'Microsoft.Bcl.AsyncInterfaces'.
TpTrace Verbose: 0 : 30556, 1, 2023/08/16, 00:02:18.287, 5572139573405, vstest.console.dll, CurrentDomainAssemblyResolve: Failed to resolve assembly 'Microsoft.Bcl.AsyncInterfaces'.
TpTrace Verbose: 0 : 30556, 1, 2023/08/16, 00:02:18.288, 5572139580085, vstest.console.dll, CurrentDomainAssemblyResolve: Failed to resolve assembly 'Microsoft.Bcl.AsyncInterfaces'.
TpTrace Warning: 0 : 30556, 1, 2023/08/16, 00:02:18.293, 5572139636444, vstest.console.dll, TestPluginDiscoverer: Failed to get types from assembly 'Microsoft.Diagnostics.NETCore.Client, Version=0.2.6.42401, Culture=neutral, PublicKeyToken=31bf3856ad364e35'. Error: System.Reflection.ReflectionTypeLoadException: Unable to load one or more of the requested types.
Could not load file or assembly 'Microsoft.Bcl.AsyncInterfaces, Version=1.0.0.0, Culture=neutral, PublicKeyToken=cc7b13ffcd2ddd51'. The system cannot find the file specified.
   at System.Reflection.RuntimeModule.GetTypes(RuntimeModule module)
   at System.Reflection.Assembly.GetTypes()
   at Microsoft.VisualStudio.TestPlatform.Common.ExtensionFramework.TestPluginDiscoverer.GetTestExtensionsFromAssembly[TPluginInfo,TExtension](Assembly assembly, Dictionary`2 pluginInfos, String filePath)
System.IO.FileNotFoundException: Could not load file or assembly 'Microsoft.Bcl.AsyncInterfaces, Version=1.0.0.0, Culture=neutral, PublicKeyToken=cc7b13ffcd2ddd51'. The system cannot find the file specified.
File name: 'Microsoft.Bcl.AsyncInterfaces, Version=1.0.0.0, Culture=neutral, PublicKeyToken=cc7b13ffcd2ddd51'
 ---> System.IO.FileNotFoundException: Could not load file or assembly 'Microsoft.Bcl.AsyncInterfaces, Culture=neutral, PublicKeyToken=null'. The system cannot find the file specified.
File name: 'Microsoft.Bcl.AsyncInterfaces, Culture=neutral, PublicKeyToken=null'
   at System.Reflection.RuntimeAssembly.InternalLoad(AssemblyName assemblyName, StackCrawlMark& stackMark, AssemblyLoadContext assemblyLoadContext, RuntimeAssembly requestingAssembly, Boolean throwOnFileNotFound)
   at System.Reflection.Assembly.Load(AssemblyName assemblyRef)
   at Microsoft.VisualStudio.TestPlatform.Common.ExtensionFramework.TestPluginCache.CurrentDomainAssemblyResolve(Object sender, AssemblyResolveEventArgs args)
   at System.Runtime.Loader.AssemblyLoadContext.GetFirstResolvedAssemblyFromResolvingEvent(AssemblyName assemblyName)
   at System.Runtime.Loader.AssemblyLoadContext.ResolveUsingEvent(AssemblyName assemblyName)
   at System.Runtime.Loader.AssemblyLoadContext.ResolveUsingResolvingEvent(IntPtr gchManagedAssemblyLoadContext, AssemblyName assemblyName)
TpTrace Warning: 0 : 30556, 1, 2023/08/16, 00:02:18.294, 5572139640490, vstest.console.dll, LoaderExceptions: System.IO.FileNotFoundException: Could not load file or assembly 'Microsoft.Bcl.AsyncInterfaces, Version=1.0.0.0, Culture=neutral, PublicKeyToken=cc7b13ffcd2ddd51'. The system cannot find the file specified.
File name: 'Microsoft.Bcl.AsyncInterfaces, Version=1.0.0.0, Culture=neutral, PublicKeyToken=cc7b13ffcd2ddd51'
 ---> System.IO.FileNotFoundException: Could not load file or assembly 'Microsoft.Bcl.AsyncInterfaces, Culture=neutral, PublicKeyToken=null'. The system cannot find the file specified.
File name: 'Microsoft.Bcl.AsyncInterfaces, Culture=neutral, PublicKeyToken=null'
   at System.Reflection.RuntimeAssembly.InternalLoad(AssemblyName assemblyName, StackCrawlMark& stackMark, AssemblyLoadContext assemblyLoadContext, RuntimeAssembly requestingAssembly, Boolean throwOnFileNotFound)
   at System.Reflection.Assembly.Load(AssemblyName assemblyRef)
   at Microsoft.VisualStudio.TestPlatform.Common.ExtensionFramework.TestPluginCache.CurrentDomainAssemblyResolve(Object sender, AssemblyResolveEventArgs args)
   at System.Runtime.Loader.AssemblyLoadContext.GetFirstResolvedAssemblyFromResolvingEvent(AssemblyName assemblyName)
   at System.Runtime.Loader.AssemblyLoadContext.ResolveUsingEvent(AssemblyName assemblyName)
   at System.Runtime.Loader.AssemblyLoadContext.ResolveUsingResolvingEvent(IntPtr gchManagedAssemblyLoadContext, AssemblyName assemblyName)
TpTrace Information: 0 : 30556, 1, 2023/08/16, 00:02:18.294, 5572139642415, vstest.console.dll, AssemblyResolver.OnResolve: Microsoft.TestPlatform.Extensions.BlameDataCollector: Resolving assembly.
TpTrace Information: 0 : 30556, 1, 2023/08/16, 00:02:18.294, 5572139642971, vstest.console.dll, AssemblyResolver.OnResolve: Microsoft.TestPlatform.Extensions.BlameDataCollector: Searching in: 'C:\Program Files\dotnet\sdk\7.0.103\Extensions'.
TpTrace Information: 0 : 30556, 1, 2023/08/16, 00:02:18.294, 5572139646249, vstest.console.dll, AssemblyResolver.OnResolve: Microsoft.TestPlatform.Extensions.BlameDataCollector: Loading assembly 'C:\Program Files\dotnet\sdk\7.0.103\Extensions\Microsoft.TestPlatform.Extensions.BlameDataCollector.dll'.
TpTrace Information: 0 : 30556, 1, 2023/08/16, 00:02:18.295, 5572139650066, vstest.console.dll, AssemblyResolver.OnResolve: Resolved assembly: Microsoft.TestPlatform.Extensions.BlameDataCollector, from path: C:\Program Files\dotnet\sdk\7.0.103\Extensions\Microsoft.TestPlatform.Extensions.BlameDataCollector.dll
TpTrace Verbose: 0 : 30556, 1, 2023/08/16, 00:02:18.295, 5572139650906, vstest.console.dll, MetadataReaderExtensionsHelper: Discovering extensions inside assembly 'Microsoft.TestPlatform.Extensions.BlameDataCollector, Version=15.0.0.0, Culture=neutral, PublicKeyToken=b03f5f7f11d50a3a' file path 'C:\Program Files\dotnet\sdk\7.0.103\Extensions\Microsoft.TestPlatform.Extensions.BlameDataCollector.dll'
TpTrace Information: 0 : 30556, 1, 2023/08/16, 00:02:18.296, 5572139662870, vstest.console.dll, AssemblyResolver.OnResolve: Microsoft.TestPlatform.Extensions.EventLogCollector: Resolving assembly.
TpTrace Information: 0 : 30556, 1, 2023/08/16, 00:02:18.296, 5572139663534, vstest.console.dll, AssemblyResolver.OnResolve: Microsoft.TestPlatform.Extensions.EventLogCollector: Searching in: 'C:\Program Files\dotnet\sdk\7.0.103\Extensions'.
TpTrace Information: 0 : 30556, 1, 2023/08/16, 00:02:18.296, 5572139665794, vstest.console.dll, AssemblyResolver.OnResolve: Microsoft.TestPlatform.Extensions.EventLogCollector: Loading assembly 'C:\Program Files\dotnet\sdk\7.0.103\Extensions\Microsoft.TestPlatform.Extensions.EventLogCollector.dll'.
TpTrace Information: 0 : 30556, 1, 2023/08/16, 00:02:18.297, 5572139668782, vstest.console.dll, AssemblyResolver.OnResolve: Resolved assembly: Microsoft.TestPlatform.Extensions.EventLogCollector, from path: C:\Program Files\dotnet\sdk\7.0.103\Extensions\Microsoft.TestPlatform.Extensions.EventLogCollector.dll
TpTrace Verbose: 0 : 30556, 1, 2023/08/16, 00:02:18.297, 5572139669465, vstest.console.dll, MetadataReaderExtensionsHelper: Discovering extensions inside assembly 'Microsoft.TestPlatform.Extensions.EventLogCollector, Version=15.0.0.0, Culture=neutral, PublicKeyToken=b03f5f7f11d50a3a' file path 'C:\Program Files\dotnet\sdk\7.0.103\Extensions\Microsoft.TestPlatform.Extensions.EventLogCollector.dll'
TpTrace Information: 0 : 30556, 1, 2023/08/16, 00:02:18.298, 5572139683562, vstest.console.dll, AssemblyResolver.OnResolve: Microsoft.TestPlatform.TestHostRuntimeProvider: Resolving assembly.
TpTrace Information: 0 : 30556, 1, 2023/08/16, 00:02:18.298, 5572139684215, vstest.console.dll, AssemblyResolver.OnResolve: Microsoft.TestPlatform.TestHostRuntimeProvider: Searching in: 'C:\Program Files\dotnet\sdk\7.0.103\Extensions'.
TpTrace Information: 0 : 30556, 1, 2023/08/16, 00:02:18.298, 5572139686431, vstest.console.dll, AssemblyResolver.OnResolve: Microsoft.TestPlatform.TestHostRuntimeProvider: Loading assembly 'C:\Program Files\dotnet\sdk\7.0.103\Extensions\Microsoft.TestPlatform.TestHostRuntimeProvider.dll'.
TpTrace Information: 0 : 30556, 1, 2023/08/16, 00:02:18.299, 5572139689548, vstest.console.dll, AssemblyResolver.OnResolve: Resolved assembly: Microsoft.TestPlatform.TestHostRuntimeProvider, from path: C:\Program Files\dotnet\sdk\7.0.103\Extensions\Microsoft.TestPlatform.TestHostRuntimeProvider.dll
TpTrace Verbose: 0 : 30556, 1, 2023/08/16, 00:02:18.299, 5572139690221, vstest.console.dll, MetadataReaderExtensionsHelper: Discovering extensions inside assembly 'Microsoft.TestPlatform.TestHostRuntimeProvider, Version=15.0.0.0, Culture=neutral, PublicKeyToken=b03f5f7f11d50a3a' file path 'C:\Program Files\dotnet\sdk\7.0.103\Extensions\Microsoft.TestPlatform.TestHostRuntimeProvider.dll'
TpTrace Information: 0 : 30556, 1, 2023/08/16, 00:02:18.300, 5572139703372, vstest.console.dll, GetTestExtensionFromType: Register extension with identifier data 'HostProvider://DefaultTestHost' and type 'Microsoft.VisualStudio.TestPlatform.CrossPlatEngine.Hosting.DefaultTestHostManager, Microsoft.TestPlatform.TestHostRuntimeProvider, Version=15.0.0.0, Culture=neutral, PublicKeyToken=b03f5f7f11d50a3a' inside file 'C:\Program Files\dotnet\sdk\7.0.103\Extensions\Microsoft.TestPlatform.TestHostRuntimeProvider.dll'
TpTrace Information: 0 : 30556, 1, 2023/08/16, 00:02:18.300, 5572139705445, vstest.console.dll, GetTestExtensionFromType: Register extension with identifier data 'HostProvider://DotnetTestHost' and type 'Microsoft.VisualStudio.TestPlatform.CrossPlatEngine.Hosting.DotnetTestHostManager, Microsoft.TestPlatform.TestHostRuntimeProvider, Version=15.0.0.0, Culture=neutral, PublicKeyToken=b03f5f7f11d50a3a' inside file 'C:\Program Files\dotnet\sdk\7.0.103\Extensions\Microsoft.TestPlatform.TestHostRuntimeProvider.dll'
TpTrace Information: 0 : 30556, 1, 2023/08/16, 00:02:18.300, 5572139706220, vstest.console.dll, AssemblyResolver.OnResolve: Microsoft.VisualStudio.TestPlatform.Extensions.Html.TestLogger: Resolving assembly.
TpTrace Information: 0 : 30556, 1, 2023/08/16, 00:02:18.300, 5572139706678, vstest.console.dll, AssemblyResolver.OnResolve: Microsoft.VisualStudio.TestPlatform.Extensions.Html.TestLogger: Searching in: 'C:\Program Files\dotnet\sdk\7.0.103\Extensions'.
TpTrace Information: 0 : 30556, 1, 2023/08/16, 00:02:18.301, 5572139708988, vstest.console.dll, AssemblyResolver.OnResolve: Microsoft.VisualStudio.TestPlatform.Extensions.Html.TestLogger: Loading assembly 'C:\Program Files\dotnet\sdk\7.0.103\Extensions\Microsoft.VisualStudio.TestPlatform.Extensions.Html.TestLogger.dll'.
TpTrace Information: 0 : 30556, 1, 2023/08/16, 00:02:18.302, 5572139716910, vstest.console.dll, AssemblyResolver.OnResolve: Resolved assembly: Microsoft.VisualStudio.TestPlatform.Extensions.Html.TestLogger, from path: C:\Program Files\dotnet\sdk\7.0.103\Extensions\Microsoft.VisualStudio.TestPlatform.Extensions.Html.TestLogger.dll
TpTrace Verbose: 0 : 30556, 1, 2023/08/16, 00:02:18.302, 5572139718152, vstest.console.dll, MetadataReaderExtensionsHelper: Discovering extensions inside assembly 'Microsoft.VisualStudio.TestPlatform.Extensions.Html.TestLogger, Version=15.0.0.0, Culture=neutral, PublicKeyToken=b03f5f7f11d50a3a' file path 'C:\Program Files\dotnet\sdk\7.0.103\Extensions\Microsoft.VisualStudio.TestPlatform.Extensions.Html.TestLogger.dll'
TpTrace Information: 0 : 30556, 1, 2023/08/16, 00:02:18.303, 5572139727349, vstest.console.dll, AssemblyResolver.OnResolve: Microsoft.VisualStudio.TestPlatform.Extensions.Trx.TestLogger: Resolving assembly.
TpTrace Information: 0 : 30556, 1, 2023/08/16, 00:02:18.303, 5572139728243, vstest.console.dll, AssemblyResolver.OnResolve: Microsoft.VisualStudio.TestPlatform.Extensions.Trx.TestLogger: Searching in: 'C:\Program Files\dotnet\sdk\7.0.103\Extensions'.
TpTrace Information: 0 : 30556, 1, 2023/08/16, 00:02:18.303, 5572139731368, vstest.console.dll, AssemblyResolver.OnResolve: Microsoft.VisualStudio.TestPlatform.Extensions.Trx.TestLogger: Loading assembly 'C:\Program Files\dotnet\sdk\7.0.103\Extensions\Microsoft.VisualStudio.TestPlatform.Extensions.Trx.TestLogger.dll'.
TpTrace Information: 0 : 30556, 1, 2023/08/16, 00:02:18.303, 5572139736056, vstest.console.dll, AssemblyResolver.OnResolve: Resolved assembly: Microsoft.VisualStudio.TestPlatform.Extensions.Trx.TestLogger, from path: C:\Program Files\dotnet\sdk\7.0.103\Extensions\Microsoft.VisualStudio.TestPlatform.Extensions.Trx.TestLogger.dll
TpTrace Verbose: 0 : 30556, 1, 2023/08/16, 00:02:18.304, 5572139736989, vstest.console.dll, MetadataReaderExtensionsHelper: Discovering extensions inside assembly 'Microsoft.VisualStudio.TestPlatform.Extensions.Trx.TestLogger, Version=15.0.0.0, Culture=neutral, PublicKeyToken=b03f5f7f11d50a3a' file path 'C:\Program Files\dotnet\sdk\7.0.103\Extensions\Microsoft.VisualStudio.TestPlatform.Extensions.Trx.TestLogger.dll'
TpTrace Verbose: 0 : 30556, 1, 2023/08/16, 00:02:18.305, 5572139750212, vstest.console.dll, TestPluginCache: Discovered the extensions using extension path ''.
TpTrace Verbose: 0 : 30556, 1, 2023/08/16, 00:02:18.305, 5572139750956, vstest.console.dll, TestPluginCache: Discoverers are ''.
TpTrace Verbose: 0 : 30556, 1, 2023/08/16, 00:02:18.305, 5572139751373, vstest.console.dll, TestPluginCache: Executors are ''.
TpTrace Verbose: 0 : 30556, 1, 2023/08/16, 00:02:18.305, 5572139751763, vstest.console.dll, TestPluginCache: Executors2 are ''.
TpTrace Verbose: 0 : 30556, 1, 2023/08/16, 00:02:18.305, 5572139752128, vstest.console.dll, TestPluginCache: Setting providers are ''.
TpTrace Verbose: 0 : 30556, 1, 2023/08/16, 00:02:18.305, 5572139752485, vstest.console.dll, TestPluginCache: Loggers are ''.
TpTrace Verbose: 0 : 30556, 1, 2023/08/16, 00:02:18.305, 5572139753645, vstest.console.dll, TestPluginCache: TestHosts are 'HostProvider://DefaultTestHost,HostProvider://DotnetTestHost'.
TpTrace Verbose: 0 : 30556, 1, 2023/08/16, 00:02:18.305, 5572139754129, vstest.console.dll, TestPluginCache: DataCollectors are ''.
TpTrace Information: 0 : 30556, 1, 2023/08/16, 00:02:18.315, 5572139847905, vstest.console.dll, RunTestsArgumentProcessor:Execute: Test run is starting.
TpTrace Verbose: 0 : 30556, 1, 2023/08/16, 00:02:18.315, 5572139849166, vstest.console.dll, RunTestsArgumentProcessor:Execute: Queuing Test run.
TpTrace Information: 0 : 30556, 1, 2023/08/16, 00:02:18.315, 5572139852061, vstest.console.dll, TestRequestManager.RunTests: run tests started.
TpTrace Information: 0 : 30556, 1, 2023/08/16, 00:02:18.323, 5572139934723, vstest.console.dll, AssemblyMetadataProvider.GetFrameworkName: Determined framework:'.NETCoreApp,Version=v6.0' for source: 'C:\Users\Johny\Documents\GitHub\SoftUniCourseProject_PerfectBudgetApp\PerfectBudgetApp\PerfectBudget.Test\bin\Debug\net6.0\fine-code-coverage\build-output\PerfectBudget.Test.dll'
TpTrace Information: 0 : 30556, 1, 2023/08/16, 00:02:18.324, 5572139937389, vstest.console.dll, Determined framework for all sources: .NETCoreApp,Version=v6.0
TpTrace Verbose: 0 : 30556, 1, 2023/08/16, 00:02:18.324, 5572139941304, vstest.console.dll, TestRequestManager.UpdateRunSettingsIfRequired: Default architecture: X64 IsDefaultTargetArchitecture: True, Current process architecture: X64 OperatingSystem: Windows.
TpTrace Information: 0 : 30556, 1, 2023/08/16, 00:02:18.326, 5572139957464, vstest.console.dll, AssemblyMetadataProvider.GetArchitecture: Determined architecture:AnyCPU info for assembly: C:\Users\Johny\Documents\GitHub\SoftUniCourseProject_PerfectBudgetApp\PerfectBudgetApp\PerfectBudget.Test\bin\Debug\net6.0\fine-code-coverage\build-output\PerfectBudget.Test.dll
TpTrace Information: 0 : 30556, 1, 2023/08/16, 00:02:18.326, 5572139958121, vstest.console.dll, Determined platform for source 'C:\Users\Johny\Documents\GitHub\SoftUniCourseProject_PerfectBudgetApp\PerfectBudgetApp\PerfectBudget.Test\bin\Debug\net6.0\fine-code-coverage\build-output\PerfectBudget.Test.dll' was AnyCPU and it will use the default plaform X64.
TpTrace Information: 0 : 30556, 1, 2023/08/16, 00:02:18.326, 5572139958557, vstest.console.dll, None of the sources provided any runnable platform, using the default platform: X64
TpTrace Information: 0 : 30556, 1, 2023/08/16, 00:02:18.326, 5572139959626, vstest.console.dll, Platform was updated to 'X64'.
TpTrace Information: 0 : 30556, 1, 2023/08/16, 00:02:18.329, 5572139989868, vstest.console.dll, InferRunSettingsHelper.IsTestSettingsEnabled: Unable to navigate to RunSettings/MSTest. Current node: RunSettings
TpTrace Information: 0 : 30556, 1, 2023/08/16, 00:02:18.329, 5572139995478, vstest.console.dll, AssemblyResolver.OnResolve: Microsoft.VisualStudio.TestPlatform.Fakes: Resolving assembly.
TpTrace Information: 0 : 30556, 1, 2023/08/16, 00:02:18.329, 5572139996127, vstest.console.dll, AssemblyResolver.OnResolve: Microsoft.VisualStudio.TestPlatform.Fakes: Searching in: 'C:\Program Files\dotnet\sdk\7.0.103\Extensions'.
TpTrace Information: 0 : 30556, 1, 2023/08/16, 00:02:18.330, 5572139997043, vstest.console.dll, AssemblyResolver.OnResolve: Microsoft.VisualStudio.TestPlatform.Fakes: Assembly path does not exist: 'C:\Program Files\dotnet\sdk\7.0.103\Extensions\Microsoft.VisualStudio.TestPlatform.Fakes.dll', returning.
TpTrace Information: 0 : 30556, 1, 2023/08/16, 00:02:18.330, 5572139997709, vstest.console.dll, AssemblyResolver.OnResolve: Microsoft.VisualStudio.TestPlatform.Fakes: Assembly path does not exist: 'C:\Program Files\dotnet\sdk\7.0.103\Extensions\Microsoft.VisualStudio.TestPlatform.Fakes.exe', returning.
TpTrace Information: 0 : 30556, 1, 2023/08/16, 00:02:18.330, 5572139998228, vstest.console.dll, AssemblyResolver.OnResolve: Microsoft.VisualStudio.TestPlatform.Fakes: Searching in: 'C:\Program Files\dotnet\sdk\7.0.103'.
TpTrace Information: 0 : 30556, 1, 2023/08/16, 00:02:18.330, 5572139998861, vstest.console.dll, AssemblyResolver.OnResolve: Microsoft.VisualStudio.TestPlatform.Fakes: Assembly path does not exist: 'C:\Program Files\dotnet\sdk\7.0.103\Microsoft.VisualStudio.TestPlatform.Fakes.dll', returning.
TpTrace Information: 0 : 30556, 1, 2023/08/16, 00:02:18.330, 5572139999485, vstest.console.dll, AssemblyResolver.OnResolve: Microsoft.VisualStudio.TestPlatform.Fakes: Assembly path does not exist: 'C:\Program Files\dotnet\sdk\7.0.103\Microsoft.VisualStudio.TestPlatform.Fakes.exe', returning.
TpTrace Information: 0 : 30556, 1, 2023/08/16, 00:02:18.330, 5572139999901, vstest.console.dll, AssemblyResolver.OnResolve: Microsoft.VisualStudio.TestPlatform.Fakes: Failed to load assembly.
TpTrace Information: 0 : 30556, 1, 2023/08/16, 00:02:18.330, 5572140002136, vstest.console.dll, Failed to load assembly Microsoft.VisualStudio.TestPlatform.Fakes, Version=17.0.0.0, Culture=neutral. Reason:System.IO.FileNotFoundException: Could not load file or assembly 'Microsoft.VisualStudio.TestPlatform.Fakes, Version=17.0.0.0, Culture=neutral, PublicKeyToken=null'. The system cannot find the file specified.
File name: 'Microsoft.VisualStudio.TestPlatform.Fakes, Version=17.0.0.0, Culture=neutral, PublicKeyToken=null'
   at System.Reflection.RuntimeAssembly.InternalLoad(AssemblyName assemblyName, StackCrawlMark& stackMark, AssemblyLoadContext assemblyLoadContext, RuntimeAssembly requestingAssembly, Boolean throwOnFileNotFound)
   at System.Reflection.Assembly.Load(AssemblyName assemblyRef)
   at Microsoft.VisualStudio.TestPlatform.Common.Utilities.FakesUtilities.LoadTestPlatformAssembly()
TpTrace Verbose: 0 : 30556, 1, 2023/08/16, 00:02:18.334, 5572140037920, vstest.console.dll, TestPluginCache.DiscoverTestExtensions: finding test extensions in assemblies ends with: TestLogger.dll TPluginInfo: Microsoft.VisualStudio.TestPlatform.Common.ExtensionFramework.Utilities.TestLoggerPluginInformation TExtension: Microsoft.VisualStudio.TestPlatform.ObjectModel.Client.ITestLogger
TpTrace Verbose: 0 : 30556, 1, 2023/08/16, 00:02:18.334, 5572140039176, vstest.console.dll, TestPluginCache.GetExtensionPaths: Filtered extension paths: 
TpTrace Verbose: 0 : 30556, 1, 2023/08/16, 00:02:18.334, 5572140039682, vstest.console.dll, TestPluginCache.GetExtensionPaths: Added default extension paths: C:\Program Files\dotnet\sdk\7.0.103\Extensions\Microsoft.Diagnostics.NETCore.Client.dll
C:\Program Files\dotnet\sdk\7.0.103\Extensions\Microsoft.TestPlatform.Extensions.BlameDataCollector.dll
C:\Program Files\dotnet\sdk\7.0.103\Extensions\Microsoft.TestPlatform.Extensions.EventLogCollector.dll
C:\Program Files\dotnet\sdk\7.0.103\Extensions\Microsoft.TestPlatform.TestHostRuntimeProvider.dll
C:\Program Files\dotnet\sdk\7.0.103\Extensions\Microsoft.VisualStudio.TestPlatform.Extensions.Html.TestLogger.dll
C:\Program Files\dotnet\sdk\7.0.103\Extensions\Microsoft.VisualStudio.TestPlatform.Extensions.Trx.TestLogger.dll
TpTrace Verbose: 0 : 30556, 1, 2023/08/16, 00:02:18.334, 5572140040291, vstest.console.dll, TestPluginCache.GetExtensionPaths: Added unfilterableExtensionPaths: 
TpTrace Information: 0 : 30556, 1, 2023/08/16, 00:02:18.334, 5572140041565, vstest.console.dll, AssemblyResolver.AddSearchDirectories: Adding more searchDirectories C:\Program Files\dotnet\sdk\7.0.103\Extensions,C:\Program Files\dotnet\sdk\7.0.103
TpTrace Verbose: 0 : 30556, 1, 2023/08/16, 00:02:18.334, 5572140042107, vstest.console.dll, TestPluginCache.DiscoverTestExtensions: Discovering the extensions using extension path.
TpTrace Verbose: 0 : 30556, 1, 2023/08/16, 00:02:18.334, 5572140042624, vstest.console.dll, TestPluginCache.GetExtensionPaths: Filtered extension paths: 
TpTrace Verbose: 0 : 30556, 1, 2023/08/16, 00:02:18.334, 5572140043031, vstest.console.dll, TestPluginCache.GetExtensionPaths: Added default extension paths: C:\Program Files\dotnet\sdk\7.0.103\Extensions\Microsoft.Diagnostics.NETCore.Client.dll
C:\Program Files\dotnet\sdk\7.0.103\Extensions\Microsoft.TestPlatform.Extensions.BlameDataCollector.dll
C:\Program Files\dotnet\sdk\7.0.103\Extensions\Microsoft.TestPlatform.Extensions.EventLogCollector.dll
C:\Program Files\dotnet\sdk\7.0.103\Extensions\Microsoft.TestPlatform.TestHostRuntimeProvider.dll
C:\Program Files\dotnet\sdk\7.0.103\Extensions\Microsoft.VisualStudio.TestPlatform.Extensions.Html.TestLogger.dll
C:\Program Files\dotnet\sdk\7.0.103\Extensions\Microsoft.VisualStudio.TestPlatform.Extensions.Trx.TestLogger.dll
TpTrace Verbose: 0 : 30556, 1, 2023/08/16, 00:02:18.334, 5572140043435, vstest.console.dll, TestPluginCache.GetExtensionPaths: Added unfilterableExtensionPaths: 
TpTrace Verbose: 0 : 30556, 1, 2023/08/16, 00:02:18.334, 5572140043875, vstest.console.dll, TestPluginCache.DiscoverTestExtensions: Discovering the extensions using allExtensionPaths: C:\Program Files\dotnet\sdk\7.0.103\Extensions\Microsoft.Diagnostics.NETCore.Client.dll
C:\Program Files\dotnet\sdk\7.0.103\Extensions\Microsoft.TestPlatform.Extensions.BlameDataCollector.dll
C:\Program Files\dotnet\sdk\7.0.103\Extensions\Microsoft.TestPlatform.Extensions.EventLogCollector.dll
C:\Program Files\dotnet\sdk\7.0.103\Extensions\Microsoft.TestPlatform.TestHostRuntimeProvider.dll
C:\Program Files\dotnet\sdk\7.0.103\Extensions\Microsoft.VisualStudio.TestPlatform.Extensions.Html.TestLogger.dll
C:\Program Files\dotnet\sdk\7.0.103\Extensions\Microsoft.VisualStudio.TestPlatform.Extensions.Trx.TestLogger.dll
TpTrace Information: 0 : 30556, 1, 2023/08/16, 00:02:18.334, 5572140044449, vstest.console.dll, AssemblyResolver.AddSearchDirectories: Adding more searchDirectories C:\Program Files\dotnet\sdk\7.0.103\Extensions,C:\Program Files\dotnet\sdk\7.0.103
TpTrace Information: 0 : 30556, 1, 2023/08/16, 00:02:18.334, 5572140044898, vstest.console.dll, AssemblyResolver.AddSearchDirectories: Adding more searchDirectories C:\Program Files\dotnet\sdk\7.0.103\Extensions,C:\Program Files\dotnet\sdk\7.0.103
TpTrace Information: 0 : 30556, 1, 2023/08/16, 00:02:18.334, 5572140045419, vstest.console.dll, AssemblyResolver.AddSearchDirectories: Adding more searchDirectories C:\Program Files\dotnet\sdk\7.0.103\Extensions,C:\Program Files\dotnet\sdk\7.0.103
TpTrace Information: 0 : 30556, 1, 2023/08/16, 00:02:18.334, 5572140045837, vstest.console.dll, AssemblyResolver.AddSearchDirectories: Adding more searchDirectories C:\Program Files\dotnet\sdk\7.0.103\Extensions,C:\Program Files\dotnet\sdk\7.0.103
TpTrace Information: 0 : 30556, 1, 2023/08/16, 00:02:18.334, 5572140046275, vstest.console.dll, AssemblyResolver.AddSearchDirectories: Adding more searchDirectories C:\Program Files\dotnet\sdk\7.0.103\Extensions,C:\Program Files\dotnet\sdk\7.0.103
TpTrace Information: 0 : 30556, 1, 2023/08/16, 00:02:18.335, 5572140046698, vstest.console.dll, AssemblyResolver.AddSearchDirectories: Adding more searchDirectories C:\Program Files\dotnet\sdk\7.0.103\Extensions,C:\Program Files\dotnet\sdk\7.0.103
TpTrace Verbose: 0 : 30556, 1, 2023/08/16, 00:02:18.335, 5572140047700, vstest.console.dll, MetadataReaderExtensionsHelper: Discovering extensions inside assembly 'Microsoft.Diagnostics.NETCore.Client, Version=0.2.6.42401, Culture=neutral, PublicKeyToken=31bf3856ad364e35' file path 'C:\Program Files\dotnet\sdk\7.0.103\Extensions\Microsoft.Diagnostics.NETCore.Client.dll'
TpTrace Information: 0 : 30556, 1, 2023/08/16, 00:02:18.335, 5572140053577, vstest.console.dll, AssemblyResolver.OnResolve: Microsoft.Bcl.AsyncInterfaces: Resolving assembly.
TpTrace Information: 0 : 30556, 1, 2023/08/16, 00:02:18.335, 5572140054178, vstest.console.dll, AssemblyResolver.OnResolve: Microsoft.Bcl.AsyncInterfaces: Resolved from cache.
TpTrace Verbose: 0 : 30556, 1, 2023/08/16, 00:02:18.335, 5572140054660, vstest.console.dll, CurrentDomainAssemblyResolve: Resolving assembly 'Microsoft.Bcl.AsyncInterfaces'.
TpTrace Information: 0 : 30556, 1, 2023/08/16, 00:02:18.335, 5572140055219, vstest.console.dll, AssemblyResolver.OnResolve: Microsoft.Bcl.AsyncInterfaces: Resolving assembly.
TpTrace Information: 0 : 30556, 1, 2023/08/16, 00:02:18.335, 5572140055637, vstest.console.dll, AssemblyResolver.OnResolve: Microsoft.Bcl.AsyncInterfaces: Resolved from cache.
TpTrace Verbose: 0 : 30556, 1, 2023/08/16, 00:02:18.335, 5572140056061, vstest.console.dll, CurrentDomainAssemblyResolve: Resolving assembly 'Microsoft.Bcl.AsyncInterfaces'.
TpTrace Verbose: 0 : 30556, 1, 2023/08/16, 00:02:18.335, 5572140056433, vstest.console.dll, CurrentDomainAssemblyResolve: Failed to resolve assembly 'Microsoft.Bcl.AsyncInterfaces'.
TpTrace Verbose: 0 : 30556, 1, 2023/08/16, 00:02:18.336, 5572140057855, vstest.console.dll, CurrentDomainAssemblyResolve: Failed to resolve assembly 'Microsoft.Bcl.AsyncInterfaces'.
TpTrace Warning: 0 : 30556, 1, 2023/08/16, 00:02:18.336, 5572140060901, vstest.console.dll, TestPluginDiscoverer: Failed to get types from assembly 'Microsoft.Diagnostics.NETCore.Client, Version=0.2.6.42401, Culture=neutral, PublicKeyToken=31bf3856ad364e35'. Error: System.Reflection.ReflectionTypeLoadException: Unable to load one or more of the requested types.
Could not load file or assembly 'Microsoft.Bcl.AsyncInterfaces, Version=1.0.0.0, Culture=neutral, PublicKeyToken=cc7b13ffcd2ddd51'. The system cannot find the file specified.
   at System.Reflection.RuntimeModule.GetTypes(RuntimeModule module)
   at System.Reflection.Assembly.GetTypes()
   at Microsoft.VisualStudio.TestPlatform.Common.ExtensionFramework.TestPluginDiscoverer.GetTestExtensionsFromAssembly[TPluginInfo,TExtension](Assembly assembly, Dictionary`2 pluginInfos, String filePath)
System.IO.FileNotFoundException: Could not load file or assembly 'Microsoft.Bcl.AsyncInterfaces, Version=1.0.0.0, Culture=neutral, PublicKeyToken=cc7b13ffcd2ddd51'. The system cannot find the file specified.
File name: 'Microsoft.Bcl.AsyncInterfaces, Version=1.0.0.0, Culture=neutral, PublicKeyToken=cc7b13ffcd2ddd51'
 ---> System.IO.FileNotFoundException: Could not load file or assembly 'Microsoft.Bcl.AsyncInterfaces, Culture=neutral, PublicKeyToken=null'. The system cannot find the file specified.
File name: 'Microsoft.Bcl.AsyncInterfaces, Culture=neutral, PublicKeyToken=null'
   at System.Reflection.RuntimeAssembly.InternalLoad(AssemblyName assemblyName, StackCrawlMark& stackMark, AssemblyLoadContext assemblyLoadContext, RuntimeAssembly requestingAssembly, Boolean throwOnFileNotFound)
   at System.Reflection.Assembly.Load(AssemblyName assemblyRef)
   at Microsoft.VisualStudio.TestPlatform.Common.ExtensionFramework.TestPluginCache.CurrentDomainAssemblyResolve(Object sender, AssemblyResolveEventArgs args)
   at System.Runtime.Loader.AssemblyLoadContext.GetFirstResolvedAssemblyFromResolvingEvent(AssemblyName assemblyName)
   at System.Runtime.Loader.AssemblyLoadContext.ResolveUsingEvent(AssemblyName assemblyName)
   at System.Runtime.Loader.AssemblyLoadContext.ResolveUsingResolvingEvent(IntPtr gchManagedAssemblyLoadContext, AssemblyName assemblyName)
TpTrace Warning: 0 : 30556, 1, 2023/08/16, 00:02:18.336, 5572140062404, vstest.console.dll, LoaderExceptions: System.IO.FileNotFoundException: Could not load file or assembly 'Microsoft.Bcl.AsyncInterfaces, Version=1.0.0.0, Culture=neutral, PublicKeyToken=cc7b13ffcd2ddd51'. The system cannot find the file specified.
File name: 'Microsoft.Bcl.AsyncInterfaces, Version=1.0.0.0, Culture=neutral, PublicKeyToken=cc7b13ffcd2ddd51'
 ---> System.IO.FileNotFoundException: Could not load file or assembly 'Microsoft.Bcl.AsyncInterfaces, Culture=neutral, PublicKeyToken=null'. The system cannot find the file specified.
File name: 'Microsoft.Bcl.AsyncInterfaces, Culture=neutral, PublicKeyToken=null'
   at System.Reflection.RuntimeAssembly.InternalLoad(AssemblyName assemblyName, StackCrawlMark& stackMark, AssemblyLoadContext assemblyLoadContext, RuntimeAssembly requestingAssembly, Boolean throwOnFileNotFound)
   at System.Reflection.Assembly.Load(AssemblyName assemblyRef)
   at Microsoft.VisualStudio.TestPlatform.Common.ExtensionFramework.TestPluginCache.CurrentDomainAssemblyResolve(Object sender, AssemblyResolveEventArgs args)
   at System.Runtime.Loader.AssemblyLoadContext.GetFirstResolvedAssemblyFromResolvingEvent(AssemblyName assemblyName)
   at System.Runtime.Loader.AssemblyLoadContext.ResolveUsingEvent(AssemblyName assemblyName)
   at System.Runtime.Loader.AssemblyLoadContext.ResolveUsingResolvingEvent(IntPtr gchManagedAssemblyLoadContext, AssemblyName assemblyName)
TpTrace Verbose: 0 : 30556, 1, 2023/08/16, 00:02:18.336, 5572140063400, vstest.console.dll, MetadataReaderExtensionsHelper: Discovering extensions inside assembly 'Microsoft.TestPlatform.Extensions.BlameDataCollector, Version=15.0.0.0, Culture=neutral, PublicKeyToken=b03f5f7f11d50a3a' file path 'C:\Program Files\dotnet\sdk\7.0.103\Extensions\Microsoft.TestPlatform.Extensions.BlameDataCollector.dll'
TpTrace Information: 0 : 30556, 1, 2023/08/16, 00:02:18.337, 5572140067184, vstest.console.dll, GetTestExtensionFromType: Register extension with identifier data 'logger://Microsoft/TestPlatform/Extensions/Blame/v1' and type 'Microsoft.TestPlatform.Extensions.BlameDataCollector.BlameLogger, Microsoft.TestPlatform.Extensions.BlameDataCollector, Version=15.0.0.0, Culture=neutral, PublicKeyToken=b03f5f7f11d50a3a' inside file 'C:\Program Files\dotnet\sdk\7.0.103\Extensions\Microsoft.TestPlatform.Extensions.BlameDataCollector.dll'
TpTrace Verbose: 0 : 30556, 1, 2023/08/16, 00:02:18.337, 5572140067848, vstest.console.dll, MetadataReaderExtensionsHelper: Discovering extensions inside assembly 'Microsoft.TestPlatform.Extensions.EventLogCollector, Version=15.0.0.0, Culture=neutral, PublicKeyToken=b03f5f7f11d50a3a' file path 'C:\Program Files\dotnet\sdk\7.0.103\Extensions\Microsoft.TestPlatform.Extensions.EventLogCollector.dll'
TpTrace Verbose: 0 : 30556, 1, 2023/08/16, 00:02:18.337, 5572140070193, vstest.console.dll, MetadataReaderExtensionsHelper: Discovering extensions inside assembly 'Microsoft.TestPlatform.TestHostRuntimeProvider, Version=15.0.0.0, Culture=neutral, PublicKeyToken=b03f5f7f11d50a3a' file path 'C:\Program Files\dotnet\sdk\7.0.103\Extensions\Microsoft.TestPlatform.TestHostRuntimeProvider.dll'
TpTrace Verbose: 0 : 30556, 1, 2023/08/16, 00:02:18.337, 5572140072669, vstest.console.dll, MetadataReaderExtensionsHelper: Discovering extensions inside assembly 'Microsoft.VisualStudio.TestPlatform.Extensions.Html.TestLogger, Version=15.0.0.0, Culture=neutral, PublicKeyToken=b03f5f7f11d50a3a' file path 'C:\Program Files\dotnet\sdk\7.0.103\Extensions\Microsoft.VisualStudio.TestPlatform.Extensions.Html.TestLogger.dll'
TpTrace Information: 0 : 30556, 1, 2023/08/16, 00:02:18.337, 5572140076625, vstest.console.dll, GetTestExtensionFromType: Register extension with identifier data 'logger://Microsoft/TestPlatform/HtmlLogger/v1' and type 'Microsoft.VisualStudio.TestPlatform.Extensions.HtmlLogger.HtmlLogger, Microsoft.VisualStudio.TestPlatform.Extensions.Html.TestLogger, Version=15.0.0.0, Culture=neutral, PublicKeyToken=b03f5f7f11d50a3a' inside file 'C:\Program Files\dotnet\sdk\7.0.103\Extensions\Microsoft.VisualStudio.TestPlatform.Extensions.Html.TestLogger.dll'
TpTrace Verbose: 0 : 30556, 1, 2023/08/16, 00:02:18.338, 5572140077312, vstest.console.dll, MetadataReaderExtensionsHelper: Discovering extensions inside assembly 'Microsoft.VisualStudio.TestPlatform.Extensions.Trx.TestLogger, Version=15.0.0.0, Culture=neutral, PublicKeyToken=b03f5f7f11d50a3a' file path 'C:\Program Files\dotnet\sdk\7.0.103\Extensions\Microsoft.VisualStudio.TestPlatform.Extensions.Trx.TestLogger.dll'
TpTrace Information: 0 : 30556, 1, 2023/08/16, 00:02:18.338, 5572140080274, vstest.console.dll, GetTestExtensionFromType: Register extension with identifier data 'logger://Microsoft/TestPlatform/TrxLogger/v1' and type 'Microsoft.VisualStudio.TestPlatform.Extensions.TrxLogger.TrxLogger, Microsoft.VisualStudio.TestPlatform.Extensions.Trx.TestLogger, Version=15.0.0.0, Culture=neutral, PublicKeyToken=b03f5f7f11d50a3a' inside file 'C:\Program Files\dotnet\sdk\7.0.103\Extensions\Microsoft.VisualStudio.TestPlatform.Extensions.Trx.TestLogger.dll'
TpTrace Verbose: 0 : 30556, 1, 2023/08/16, 00:02:18.338, 5572140081157, vstest.console.dll, TestPluginCache: Discovered the extensions using extension path ''.
TpTrace Verbose: 0 : 30556, 1, 2023/08/16, 00:02:18.338, 5572140081661, vstest.console.dll, TestPluginCache: Discoverers are ''.
TpTrace Verbose: 0 : 30556, 1, 2023/08/16, 00:02:18.338, 5572140082039, vstest.console.dll, TestPluginCache: Executors are ''.
TpTrace Verbose: 0 : 30556, 1, 2023/08/16, 00:02:18.338, 5572140082404, vstest.console.dll, TestPluginCache: Executors2 are ''.
TpTrace Verbose: 0 : 30556, 1, 2023/08/16, 00:02:18.338, 5572140082760, vstest.console.dll, TestPluginCache: Setting providers are ''.
TpTrace Verbose: 0 : 30556, 1, 2023/08/16, 00:02:18.338, 5572140083416, vstest.console.dll, TestPluginCache: Loggers are 'logger://Microsoft/TestPlatform/Extensions/Blame/v1,logger://Microsoft/TestPlatform/HtmlLogger/v1,logger://Microsoft/TestPlatform/TrxLogger/v1'.
TpTrace Verbose: 0 : 30556, 1, 2023/08/16, 00:02:18.338, 5572140083952, vstest.console.dll, TestPluginCache: TestHosts are 'HostProvider://DefaultTestHost,HostProvider://DotnetTestHost'.
TpTrace Verbose: 0 : 30556, 1, 2023/08/16, 00:02:18.338, 5572140084413, vstest.console.dll, TestPluginCache: DataCollectors are ''.
TpTrace Information: 0 : 30556, 1, 2023/08/16, 00:02:18.339, 5572140091583, vstest.console.dll, TestPluginManager.CreateTestExtension: Attempting to load test extension: Microsoft.TestPlatform.Extensions.BlameDataCollector.BlameLogger
TpTrace Verbose: 0 : 30556, 1, 2023/08/16, 00:02:18.345, 5572140149510, vstest.console.dll, TestEngine: Initializing Parallel Execution as MaxCpuCount is set to: 1
TpTrace Information: 0 : 30556, 1, 2023/08/16, 00:02:18.346, 5572140166298, vstest.console.dll, TestPluginManager.CreateTestExtension: Attempting to load test extension: Microsoft.VisualStudio.TestPlatform.CrossPlatEngine.Hosting.DefaultTestHostManager
TpTrace Information: 0 : 30556, 1, 2023/08/16, 00:02:18.347, 5572140173805, vstest.console.dll, TestPluginManager.CreateTestExtension: Attempting to load test extension: Microsoft.VisualStudio.TestPlatform.CrossPlatEngine.Hosting.DotnetTestHostManager
TpTrace Information: 0 : 30556, 1, 2023/08/16, 00:02:18.348, 5572140179926, vstest.console.dll, InferRunSettingsHelper.IsTestSettingsEnabled: Unable to navigate to RunSettings/MSTest. Current node: RunSettings
TpTrace Verbose: 0 : 30556, 1, 2023/08/16, 00:02:18.352, 5572140217238, vstest.console.dll, TestEngine.GetExecutionManager: Chosen execution manager 'Microsoft.VisualStudio.TestPlatform.CrossPlatEngine.Client.Parallel.ParallelProxyExecutionManager, Microsoft.TestPlatform.CrossPlatEngine, Version=15.0.0.0, Culture=neutral, PublicKeyToken=b03f5f7f11d50a3a' ParallelLevel '1'.
TpTrace Verbose: 0 : 30556, 1, 2023/08/16, 00:02:18.352, 5572140218584, vstest.console.dll, TestRunRequest.ExecuteAsync: Creating test run request.
TpTrace Verbose: 0 : 30556, 1, 2023/08/16, 00:02:18.352, 5572140220825, vstest.console.dll, TestRunRequest.ExecuteAsync: Starting.
TpTrace Information: 0 : 30556, 1, 2023/08/16, 00:02:18.352, 5572140223205, vstest.console.dll, TestRunRequest.ExecuteAsync: Starting run with settings:TestRunCriteria:
   KeepAlive=False,FrequencyOfRunStatsChangeEvent=10,RunStatsChangeEventTimeout=00:00:01.5000000,TestCaseFilter=,TestExecutorLauncher=
   Settingsxml=<RunSettings>
  <RunConfiguration>
    <ResultsDirectory>C:\Users\Johny\Documents\GitHub\SoftUniCourseProject_PerfectBudgetApp\PerfectBudgetApp\PerfectBudget.Test\bin\Debug\net6.0\fine-code-coverage\coverage-tool-output</ResultsDirectory>
    <TargetPlatform>X64</TargetPlatform>
    <TargetFrameworkVersion>.NETCoreApp,Version=v6.0</TargetFrameworkVersion>
    <DesignMode>False</DesignMode>
    <CollectSourceInformation>False</CollectSourceInformation>
  </RunConfiguration>
  <LoggerRunSettings>
    <Loggers>
      <Logger friendlyName="blame" enabled="True" />
      <Logger friendlyName="Console" uri="logger://microsoft/TestPlatform/ConsoleLogger/v1" assemblyQualifiedName="Microsoft.VisualStudio.TestPlatform.CommandLine.Internal.ConsoleLogger, vstest.console, Version=15.0.0.0, Culture=neutral, PublicKeyToken=b03f5f7f11d50a3a" codeBase="C:\Program Files\dotnet\sdk\7.0.103\vstest.console.dll" enabled="True" />
    </Loggers>
  </LoggerRunSettings>
  <DataCollectionRunSettings>
    <DataCollectors>
      <DataCollector friendlyName="blame" enabled="True">
        <Configuration>
          <ResultsDirectory>C:\Users\Johny\Documents\GitHub\SoftUniCourseProject_PerfectBudgetApp\PerfectBudgetApp\PerfectBudget.Test\bin\Debug\net6.0\fine-code-coverage\coverage-tool-output</ResultsDirectory>
        </Configuration>
      </DataCollector>
    </DataCollectors>
  </DataCollectionRunSettings>
</RunSettings>

TpTrace Verbose: 0 : 30556, 1, 2023/08/16, 00:02:18.352, 5572140223842, vstest.console.dll, TestRunRequest.ExecuteAsync: Wait for the first run request is over.
TpTrace Verbose: 0 : 30556, 1, 2023/08/16, 00:02:18.352, 5572140226360, vstest.console.dll, MulticastDelegateUtilities.SafeInvoke: TestRun.TestRunStart: Invoking callbacks was skipped because there are no subscribers.
TpTrace Verbose: 0 : 30556, 4, 2023/08/16, 00:02:18.353, 5572140228925, vstest.console.dll, MulticastDelegateUtilities.SafeInvoke: InternalTestLoggerEvents.SendTestRunStart: Invoking callback 1/1 for Microsoft.VisualStudio.TestPlatform.CommandLine.Internal.ConsoleLogger., took 0 ms.
TpTrace Verbose: 0 : 30556, 1, 2023/08/16, 00:02:18.354, 5572140238410, vstest.console.dll, ParallelProxyExecutionManager: Start execution. Total sources: 1
TpTrace Verbose: 0 : 30556, 1, 2023/08/16, 00:02:18.355, 5572140252974, vstest.console.dll, TestRequestSender is acting as server.
TpTrace Verbose: 0 : 30556, 1, 2023/08/16, 00:02:18.356, 5572140266052, vstest.console.dll, DataCollectionRequestSender.InitializeCommunication : Initialize communication. 
TpTrace Information: 0 : 30556, 1, 2023/08/16, 00:02:18.361, 5572140310254, vstest.console.dll, Listening on Endpoint : 127.0.0.1:63389
TpTrace Verbose: 0 : 30556, 1, 2023/08/16, 00:02:18.367, 5572140369157, vstest.console.dll, DotnetDataCollectionLauncher: Adding  --runtimeconfig "C:\Program Files\dotnet\sdk\7.0.103\datacollector.runtimeconfig.json" in args
TpTrace Verbose: 0 : 30556, 1, 2023/08/16, 00:02:18.367, 5572140370591, vstest.console.dll, DotnetDataCollectionLauncher: Adding  --depsfile "C:\Program Files\dotnet\sdk\7.0.103\datacollector.deps.json" in args
TpTrace Verbose: 0 : 30556, 1, 2023/08/16, 00:02:18.367, 5572140374081, vstest.console.dll, DotnetDataCollectionLauncher: Full path of dotnet.exe is C:\Program Files\dotnet\dotnet.exe
TpTrace Information: 0 : 30556, 1, 2023/08/16, 00:02:18.373, 5572140436584, vstest.console.dll, ProxyDataCollectionManager.Initialize: Launched datacollector processId: 12048 port: 63389
TpTrace Information: 0 : 30556, 1, 2023/08/16, 00:02:18.374, 5572140438111, vstest.console.dll, ProxyDataCollectionManager.Initialize: waiting for connection with timeout: 90 seconds
TpTrace Verbose: 0 : 30556, 1, 2023/08/16, 00:02:18.374, 5572140438757, vstest.console.dll, DataCollectionRequestSender.WaitForRequestHandlerConnection : Waiting for connection with timeout: 90000
TpTrace Information: 0 : 30556, 7, 2023/08/16, 00:02:18.505, 5572141755022, vstest.console.dll, Using the buffer size of 16384 bytes
TpTrace Verbose: 0 : 30556, 1, 2023/08/16, 00:02:18.505, 5572141755696, vstest.console.dll, SocketCommunicationManager.WaitForClientConnection took: 131 ms, with 90000 ms timeout, and finished with True.
TpTrace Information: 0 : 30556, 7, 2023/08/16, 00:02:18.505, 5572141756607, vstest.console.dll, Accepted Client request and set the flag
TpTrace Verbose: 0 : 30556, 1, 2023/08/16, 00:02:18.506, 5572141757760, vstest.console.dll, ProxyDataCollectionManager.InvokeDataCollectionServiceAction: Starting.
TpTrace Information: 0 : 30556, 1, 2023/08/16, 00:02:18.506, 5572141758704, vstest.console.dll, ProxyDataCollectionManager.BeforeTestRunStart: Get environment variable and port for datacollector processId: 12048 port: 63389
TpTrace Verbose: 0 : 30556, 1, 2023/08/16, 00:02:18.506, 5572141759908, vstest.console.dll, DataCollectionRequestSender.SendBeforeTestRunStartAndGetResult: Send BeforeTestRunStart message with settingsXml <RunSettings><RunConfiguration><ResultsDirectory>C:\Users\Johny\Documents\GitHub\SoftUniCourseProject_PerfectBudgetApp\PerfectBudgetApp\PerfectBudget.Test\bin\Debug\net6.0\fine-code-coverage\coverage-tool-output</ResultsDirectory><TargetPlatform>X64</TargetPlatform><TargetFrameworkVersion>.NETCoreApp,Version=v6.0</TargetFrameworkVersion><DesignMode>False</DesignMode><CollectSourceInformation>False</CollectSourceInformation><TestAdaptersPaths>C:\Program Files\dotnet\sdk\7.0.103\Extensions</TestAdaptersPaths></RunConfiguration><LoggerRunSettings><Loggers><Logger friendlyName="blame" enabled="True" /><Logger friendlyName="Console" uri="logger://microsoft/TestPlatform/ConsoleLogger/v1" assemblyQualifiedName="Microsoft.VisualStudio.TestPlatform.CommandLine.Internal.ConsoleLogger, vstest.console, Version=15.0.0.0, Culture=neutral, PublicKeyToken=b03f5f7f11d50a3a" codeBase="C:\Program Files\dotnet\sdk\7.0.103\vstest.console.dll" enabled="True" /></Loggers></LoggerRunSettings><DataCollectionRunSettings><DataCollectors><DataCollector friendlyName="blame" enabled="True"><Configuration><ResultsDirectory>C:\Users\Johny\Documents\GitHub\SoftUniCourseProject_PerfectBudgetApp\PerfectBudgetApp\PerfectBudget.Test\bin\Debug\net6.0\fine-code-coverage\coverage-tool-output</ResultsDirectory></Configuration></DataCollector></DataCollectors></DataCollectionRunSettings></RunSettings> and sources System.Collections.Generic.List`1[System.String]: 
TpTrace Verbose: 0 : 30556, 1, 2023/08/16, 00:02:18.574, 5572142438480, vstest.console.dll, DataCollectionRequestSender.SendBeforeTestRunStartAndGetResult: Received message: (DataCollection.SendMessage) -> {"MessageType":"DataCollection.SendMessage","Payload":{"FriendlyName":null,"Uri":null,"TestCaseId":"00000000-0000-0000-0000-000000000000","Message":"Logging DataCollector Diagnostics in file: C:\\Users\\Johny\\Documents\\GitHub\\SoftUniCourseProject_PerfectBudgetApp\\PerfectBudgetApp\\PerfectBudget.Test\\bin\\Debug\\net6.0\\fine-code-coverage\\coverage-tool-output\\diagnostics.datacollector.23-08-16_00-02-18_36703_1.log","Level":0}}
TpTrace Verbose: 0 : 30556, 1, 2023/08/16, 00:02:18.644, 5572143141393, vstest.console.dll, DataCollectionRequestSender.SendBeforeTestRunStartAndGetResult: Received message: (DataCollection.BeforeTestRunStartResult) -> {"MessageType":"DataCollection.BeforeTestRunStartResult","Payload":{"EnvironmentVariables":{},"DataCollectionEventsPort":63391}}
TpTrace Information: 0 : 30556, 1, 2023/08/16, 00:02:18.648, 5572143181182, vstest.console.dll, ProxyDataCollectionManager.BeforeTestRunStart: SendBeforeTestRunStartAndGetResult successful, env variable from datacollector:   and testhost port: 63391
TpTrace Information: 0 : 30556, 1, 2023/08/16, 00:02:18.648, 5572143182102, vstest.console.dll, ProxyDataCollectionManager.InvokeDataCollectionServiceAction: Completed.
TpTrace Verbose: 0 : 30556, 7, 2023/08/16, 00:02:18.648, 5572143183268, vstest.console.dll, ParallelProxyExecutionManager: Execution started. Started clients: 1
TpTrace Verbose: 0 : 30556, 1, 2023/08/16, 00:02:18.648, 5572143183671, vstest.console.dll, ProxyParallelExecutionManager: No sources available for execution.
TpTrace Information: 0 : 30556, 1, 2023/08/16, 00:02:18.648, 5572143184465, vstest.console.dll, TestRunRequest.ExecuteAsync: Started.
TpTrace Verbose: 0 : 30556, 1, 2023/08/16, 00:02:18.648, 5572143185343, vstest.console.dll, TestRunRequest.WaitForCompletion: Waiting with timeout -1.
TpTrace Verbose: 0 : 30556, 7, 2023/08/16, 00:02:18.648, 5572143185993, vstest.console.dll, TestRunRequest:SendTestRunMessage: Starting.
TpTrace Verbose: 0 : 30556, 7, 2023/08/16, 00:02:18.649, 5572143187326, vstest.console.dll, MulticastDelegateUtilities.SafeInvoke: TestRun.LogMessages: Invoking callback 1/1 for Microsoft.VisualStudio.TestPlatform.CommandLine.TestRunResultAggregator., took 0 ms.
TpTrace Information: 0 : 30556, 7, 2023/08/16, 00:02:18.649, 5572143187811, vstest.console.dll, TestRunRequest:SendTestRunMessage: Completed.
TpTrace Verbose: 0 : 30556, 4, 2023/08/16, 00:02:18.649, 5572143189065, vstest.console.dll, MulticastDelegateUtilities.SafeInvoke: InternalTestLoggerEvents.SendTestRunMessage: Invoking callback 1/1 for Microsoft.VisualStudio.TestPlatform.CommandLine.Internal.ConsoleLogger., took 0 ms.
TpTrace Verbose: 0 : 30556, 7, 2023/08/16, 00:02:18.649, 5572143189361, vstest.console.dll, ProxyExecutionManager: Test host is always Lazy initialize.
TpTrace Verbose: 0 : 30556, 7, 2023/08/16, 00:02:18.649, 5572143192222, vstest.console.dll, TestRequestSender.InitializeCommunication: initialize communication. 
TpTrace Information: 0 : 30556, 7, 2023/08/16, 00:02:18.650, 5572143196982, vstest.console.dll, SocketServer.Start: Listening on endpoint : 127.0.0.1:63392
TpTrace Verbose: 0 : 30556, 7, 2023/08/16, 00:02:18.650, 5572143203682, vstest.console.dll, DotnetTestHostmanager.GetTestHostProcessStartInfo: Platform environment 'X64' target architecture 'X64' framework '.NETCoreApp,Version=v6.0' OS 'Windows'
TpTrace Verbose: 0 : 30556, 7, 2023/08/16, 00:02:18.650, 5572143205547, vstest.console.dll, DotnetTestHostmanager: Adding  --runtimeconfig "C:\Users\Johny\Documents\GitHub\SoftUniCourseProject_PerfectBudgetApp\PerfectBudgetApp\PerfectBudget.Test\bin\Debug\net6.0\fine-code-coverage\build-output\PerfectBudget.Test.runtimeconfig.json" in args
TpTrace Verbose: 0 : 30556, 7, 2023/08/16, 00:02:18.650, 5572143206519, vstest.console.dll, DotnetTestHostmanager: Adding  --depsfile "C:\Users\Johny\Documents\GitHub\SoftUniCourseProject_PerfectBudgetApp\PerfectBudgetApp\PerfectBudget.Test\bin\Debug\net6.0\fine-code-coverage\build-output\PerfectBudget.Test.deps.json" in args
TpTrace Verbose: 0 : 30556, 7, 2023/08/16, 00:02:18.651, 5572143208045, vstest.console.dll, DotnetTestHostmanager.IsWinOnArm: Current PROCESSOR_ARCHITECTURE from environment variable 'AMD64'
TpTrace Verbose: 0 : 30556, 7, 2023/08/16, 00:02:18.651, 5572143208750, vstest.console.dll, DotnetTestHostmanager.IsWinOnArm: Is Windows on ARM 'False'
TpTrace Verbose: 0 : 30556, 7, 2023/08/16, 00:02:18.651, 5572143209606, vstest.console.dll, DotnetTestHostManager: testhost.exe found at path: C:\Users\Johny\Documents\GitHub\SoftUniCourseProject_PerfectBudgetApp\PerfectBudgetApp\PerfectBudget.Test\bin\Debug\net6.0\fine-code-coverage\build-output\testhost.exe
TpTrace Verbose: 0 : 30556, 7, 2023/08/16, 00:02:18.651, 5572143210174, vstest.console.dll, DotnetTestHostmanager: Full path of host exe is C:\Users\Johny\Documents\GitHub\SoftUniCourseProject_PerfectBudgetApp\PerfectBudgetApp\PerfectBudget.Test\bin\Debug\net6.0\fine-code-coverage\build-output\testhost.exe
TpTrace Verbose: 0 : 30556, 7, 2023/08/16, 00:02:18.651, 5572143211513, vstest.console.dll, DotnetTestHostmanager.LaunchTestHostAsync: Found 'VSTEST_WINAPPHOST_DOTNET_ROOT' in env variables, value 'C:\Program Files\dotnet', forwarding to 'DOTNET_ROOT'
TpTrace Verbose: 0 : 30556, 7, 2023/08/16, 00:02:18.651, 5572143213156, vstest.console.dll, DotnetTestHostManager: Starting process 'C:\Users\Johny\Documents\GitHub\SoftUniCourseProject_PerfectBudgetApp\PerfectBudgetApp\PerfectBudget.Test\bin\Debug\net6.0\fine-code-coverage\build-output\testhost.exe' with command line ' --runtimeconfig "C:\Users\Johny\Documents\GitHub\SoftUniCourseProject_PerfectBudgetApp\PerfectBudgetApp\PerfectBudget.Test\bin\Debug\net6.0\fine-code-coverage\build-output\PerfectBudget.Test.runtimeconfig.json" --depsfile "C:\Users\Johny\Documents\GitHub\SoftUniCourseProject_PerfectBudgetApp\PerfectBudgetApp\PerfectBudget.Test\bin\Debug\net6.0\fine-code-coverage\build-output\PerfectBudget.Test.deps.json" --port 63392 --endpoint 127.0.0.1:063392 --role client --parentprocessid 30556 --diag "C:\Users\Johny\Documents\GitHub\SoftUniCourseProject_PerfectBudgetApp\PerfectBudgetApp\PerfectBudget.Test\bin\Debug\net6.0\fine-code-coverage\coverage-tool-output\diagnostics.host.23-08-16_00-02-18_65038_7.log" --tracelevel 4 --datacollectionport 63391 --telemetryoptedin false'
TpTrace Verbose: 0 : 30556, 7, 2023/08/16, 00:02:18.660, 5572143305835, vstest.console.dll, MulticastDelegateUtilities.SafeInvoke: HostProviderEvents.OnHostLaunched: Invoking callback 1/2 for Microsoft.VisualStudio.TestPlatform.CrossPlatEngine.Client.ProxyExecutionManagerWithDataCollection., took 1 ms.
TpTrace Verbose: 0 : 30556, 7, 2023/08/16, 00:02:18.661, 5572143308166, vstest.console.dll, Test Runtime launched
TpTrace Verbose: 0 : 30556, 7, 2023/08/16, 00:02:18.661, 5572143308830, vstest.console.dll, MulticastDelegateUtilities.SafeInvoke: HostProviderEvents.OnHostLaunched: Invoking callback 2/2 for Microsoft.VisualStudio.TestPlatform.CrossPlatEngine.Client.ProxyOperationManager., took 0 ms.
TpTrace Verbose: 0 : 30556, 7, 2023/08/16, 00:02:18.661, 5572143310409, vstest.console.dll, TestRequestSender.WaitForRequestHandlerConnection: waiting for connection with timeout: 90000.
TpTrace Verbose: 0 : 30556, 7, 2023/08/16, 00:02:18.814, 5572144841906, vstest.console.dll, TestRequestSender.WaitForRequestHandlerConnection: waiting took 153 ms, with timeout 90000 ms, and result 0, which is success.
TpTrace Verbose: 0 : 30556, 10, 2023/08/16, 00:02:18.814, 5572144841905, vstest.console.dll, MulticastDelegateUtilities.SafeInvoke: SocketServer: ClientConnected: Invoking callback 1/1 for Microsoft.VisualStudio.TestPlatform.CommunicationUtilities.TestRequestSender., took 0 ms.
TpTrace Verbose: 0 : 30556, 10, 2023/08/16, 00:02:18.814, 5572144844408, vstest.console.dll, SocketServer.OnClientConnected: Client connected for endPoint: 127.0.0.1:63392, starting MessageLoopAsync:
TpTrace Verbose: 0 : 30556, 10, 2023/08/16, 00:02:18.815, 5572144847344, vstest.console.dll, TcpClientExtensions.MessageLoopAsync: Polling on remoteEndPoint: 127.0.0.1:63393 localEndPoint: 127.0.0.1:63392
TpTrace Verbose: 0 : 30556, 7, 2023/08/16, 00:02:18.815, 5572144853680, vstest.console.dll, TestRequestSender.CheckVersionWithTestHost: Sending check version message: {"MessageType":"ProtocolVersion","Payload":7}
TpTrace Verbose: 0 : 30556, 10, 2023/08/16, 00:02:18.943, 5572146134022, vstest.console.dll, TcpClientExtensions.MessageLoopAsync: NotifyDataAvailable remoteEndPoint: 127.0.0.1:63393 localEndPoint: 127.0.0.1:63392
TpTrace Verbose: 0 : 30556, 10, 2023/08/16, 00:02:18.943, 5572146136109, vstest.console.dll, TestRequestSender.CheckVersionWithTestHost: onMessageReceived received message: (ProtocolVersion) -> {"MessageType":"ProtocolVersion","Payload":7}
TpTrace Verbose: 0 : 30556, 10, 2023/08/16, 00:02:18.944, 5572146142154, vstest.console.dll, MulticastDelegateUtilities.SafeInvoke: LengthPrefixCommunicationChannel: MessageReceived: Invoking callback 1/1 for Microsoft.VisualStudio.TestPlatform.CommunicationUtilities.TestRequestSender+<>c__DisplayClass26_0., took 0 ms.
TpTrace Verbose: 0 : 30556, 10, 2023/08/16, 00:02:18.944, 5572146143087, vstest.console.dll, TcpClientExtensions.MessageLoopAsync: Polling on remoteEndPoint: 127.0.0.1:63393 localEndPoint: 127.0.0.1:63392
TpTrace Verbose: 0 : 30556, 7, 2023/08/16, 00:02:18.944, 5572146143211, vstest.console.dll, TestPluginCache.GetExtensionPaths: Filtered extension paths: 
TpTrace Verbose: 0 : 30556, 7, 2023/08/16, 00:02:18.944, 5572146144373, vstest.console.dll, TestPluginCache.GetExtensionPaths: Added default extension paths: C:\Program Files\dotnet\sdk\7.0.103\Extensions\Microsoft.Diagnostics.NETCore.Client.dll
C:\Program Files\dotnet\sdk\7.0.103\Extensions\Microsoft.TestPlatform.Extensions.BlameDataCollector.dll
C:\Program Files\dotnet\sdk\7.0.103\Extensions\Microsoft.TestPlatform.Extensions.EventLogCollector.dll
C:\Program Files\dotnet\sdk\7.0.103\Extensions\Microsoft.TestPlatform.TestHostRuntimeProvider.dll
C:\Program Files\dotnet\sdk\7.0.103\Extensions\Microsoft.VisualStudio.TestPlatform.Extensions.Html.TestLogger.dll
C:\Program Files\dotnet\sdk\7.0.103\Extensions\Microsoft.VisualStudio.TestPlatform.Extensions.Trx.TestLogger.dll
TpTrace Verbose: 0 : 30556, 7, 2023/08/16, 00:02:18.944, 5572146144858, vstest.console.dll, TestPluginCache.GetExtensionPaths: Added unfilterableExtensionPaths: 
TpTrace Verbose: 0 : 30556, 7, 2023/08/16, 00:02:18.947, 5572146170403, vstest.console.dll, TestRequestSender.InitializeExecution: Sending initialize execution with message: {"Version":7,"MessageType":"TestExecution.Initialize","Payload":["C:\\Users\\Johny\\Documents\\GitHub\\SoftUniCourseProject_PerfectBudgetApp\\PerfectBudgetApp\\PerfectBudget.Test\\bin\\Debug\\net6.0\\fine-code-coverage\\build-output\\NUnit3.TestAdapter.dll"]}
TpTrace Warning: 0 : 30556, 7, 2023/08/16, 00:02:18.947, 5572146175052, vstest.console.dll, InferRunSettingsHelper.MakeRunsettingsCompatible: Removing the following settings: TargetPlatform from RunSettings file. To use those settings please move to latest version of Microsoft.NET.Test.Sdk
TpTrace Verbose: 0 : 30556, 10, 2023/08/16, 00:02:18.948, 5572146182333, vstest.console.dll, TcpClientExtensions.MessageLoopAsync: NotifyDataAvailable remoteEndPoint: 127.0.0.1:63393 localEndPoint: 127.0.0.1:63392
TpTrace Verbose: 0 : 30556, 10, 2023/08/16, 00:02:18.948, 5572146185322, vstest.console.dll, TestRequestSender.OnExecutionMessageReceived: Received message: {"Version":7,"MessageType":"TestSession.Message","Payload":{"MessageLevel":0,"Message":"Logging TestHost Diagnostics in file: C:\\Users\\Johny\\Documents\\GitHub\\SoftUniCourseProject_PerfectBudgetApp\\PerfectBudgetApp\\PerfectBudget.Test\\bin\\Debug\\net6.0\\fine-code-coverage\\coverage-tool-output\\diagnostics.host.23-08-16_00-02-18_65038_7.log"}}
TpTrace Verbose: 0 : 30556, 10, 2023/08/16, 00:02:18.954, 5572146242390, vstest.console.dll, TestRunRequest:SendTestRunMessage: Starting.
TpTrace Verbose: 0 : 30556, 10, 2023/08/16, 00:02:18.954, 5572146244231, vstest.console.dll, MulticastDelegateUtilities.SafeInvoke: TestRun.LogMessages: Invoking callback 1/1 for Microsoft.VisualStudio.TestPlatform.CommandLine.TestRunResultAggregator., took 0 ms.
TpTrace Verbose: 0 : 30556, 4, 2023/08/16, 00:02:18.954, 5572146244463, vstest.console.dll, MulticastDelegateUtilities.SafeInvoke: InternalTestLoggerEvents.SendTestRunMessage: Invoking callback 1/1 for Microsoft.VisualStudio.TestPlatform.CommandLine.Internal.ConsoleLogger., took 0 ms.
TpTrace Information: 0 : 30556, 10, 2023/08/16, 00:02:18.954, 5572146245637, vstest.console.dll, TestRunRequest:SendTestRunMessage: Completed.
TpTrace Verbose: 0 : 30556, 10, 2023/08/16, 00:02:18.954, 5572146246420, vstest.console.dll, MulticastDelegateUtilities.SafeInvoke: LengthPrefixCommunicationChannel: MessageReceived: Invoking callback 1/1 for Microsoft.VisualStudio.TestPlatform.CommunicationUtilities.TestRequestSender+<>c__DisplayClass31_0., took 6 ms.
TpTrace Verbose: 0 : 30556, 10, 2023/08/16, 00:02:18.955, 5572146246891, vstest.console.dll, TcpClientExtensions.MessageLoopAsync: Polling on remoteEndPoint: 127.0.0.1:63393 localEndPoint: 127.0.0.1:63392
TpTrace Verbose: 0 : 30556, 7, 2023/08/16, 00:02:18.957, 5572146268818, vstest.console.dll, TestRequestSender.StartTestRun: Sending test run with message: {"Version":7,"MessageType":"TestExecution.StartWithSources","Payload":{"AdapterSourceMap":{"_none_":["C:\\Users\\Johny\\Documents\\GitHub\\SoftUniCourseProject_PerfectBudgetApp\\PerfectBudgetApp\\PerfectBudget.Test\\bin\\Debug\\net6.0\\fine-code-coverage\\build-output\\PerfectBudget.Test.dll"]},"RunSettings":"<RunSettings>\r\n  <RunConfiguration>\r\n    <ResultsDirectory>C:\\Users\\Johny\\Documents\\GitHub\\SoftUniCourseProject_PerfectBudgetApp\\PerfectBudgetApp\\PerfectBudget.Test\\bin\\Debug\\net6.0\\fine-code-coverage\\coverage-tool-output</ResultsDirectory>\r\n    <TargetFrameworkVersion>.NETCoreApp,Version=v6.0</TargetFrameworkVersion>\r\n    <DesignMode>False</DesignMode>\r\n    <CollectSourceInformation>False</CollectSourceInformation>\r\n  </RunConfiguration>\r\n  <LoggerRunSettings>\r\n    <Loggers>\r\n      <Logger friendlyName=\"blame\" enabled=\"True\" />\r\n      <Logger friendlyName=\"Console\" uri=\"logger://microsoft/TestPlatform/ConsoleLogger/v1\" assemblyQualifiedName=\"Microsoft.VisualStudio.TestPlatform.CommandLine.Internal.ConsoleLogger, vstest.console, Version=15.0.0.0, Culture=neutral, PublicKeyToken=b03f5f7f11d50a3a\" codeBase=\"C:\\Program Files\\dotnet\\sdk\\7.0.103\\vstest.console.dll\" enabled=\"True\" />\r\n    </Loggers>\r\n  </LoggerRunSettings>\r\n  <DataCollectionRunSettings>\r\n    <DataCollectors>\r\n      <DataCollector friendlyName=\"blame\" enabled=\"True\">\r\n        <Configuration>\r\n          <ResultsDirectory>C:\\Users\\Johny\\Documents\\GitHub\\SoftUniCourseProject_PerfectBudgetApp\\PerfectBudgetApp\\PerfectBudget.Test\\bin\\Debug\\net6.0\\fine-code-coverage\\coverage-tool-output</ResultsDirectory>\r\n        </Configuration>\r\n      </DataCollector>\r\n    </DataCollectors>\r\n  </DataCollectionRunSettings>\r\n</RunSettings>","TestExecutionContext":{"FrequencyOfRunStatsChangeEvent":10,"RunStatsChangeEventTimeout":"00:00:01.5000000","InIsolation":false,"KeepAlive":false,"AreTestCaseLevelEventsRequired":false,"IsDebug":false,"TestCaseFilter":null,"FilterOptions":null},"Package":null}}
TpTrace Verbose: 0 : 30556, 10, 2023/08/16, 00:02:19.106, 5572147765358, vstest.console.dll, TcpClientExtensions.MessageLoopAsync: NotifyDataAvailable remoteEndPoint: 127.0.0.1:63393 localEndPoint: 127.0.0.1:63392
TpTrace Verbose: 0 : 30556, 10, 2023/08/16, 00:02:19.107, 5572147767313, vstest.console.dll, TestRequestSender.OnExecutionMessageReceived: Received message: {"Version":7,"MessageType":"TestSession.Message","Payload":{"MessageLevel":0,"Message":"NUnit Adapter 4.2.0.0: Test execution started"}}
TpTrace Verbose: 0 : 30556, 10, 2023/08/16, 00:02:19.107, 5572147770063, vstest.console.dll, TestRunRequest:SendTestRunMessage: Starting.
TpTrace Verbose: 0 : 30556, 10, 2023/08/16, 00:02:19.107, 5572147770920, vstest.console.dll, MulticastDelegateUtilities.SafeInvoke: TestRun.LogMessages: Invoking callback 1/1 for Microsoft.VisualStudio.TestPlatform.CommandLine.TestRunResultAggregator., took 0 ms.
TpTrace Verbose: 0 : 30556, 4, 2023/08/16, 00:02:19.107, 5572147771272, vstest.console.dll, MulticastDelegateUtilities.SafeInvoke: InternalTestLoggerEvents.SendTestRunMessage: Invoking callback 1/1 for Microsoft.VisualStudio.TestPlatform.CommandLine.Internal.ConsoleLogger., took 0 ms.
TpTrace Information: 0 : 30556, 10, 2023/08/16, 00:02:19.107, 5572147771407, vstest.console.dll, TestRunRequest:SendTestRunMessage: Completed.
TpTrace Verbose: 0 : 30556, 10, 2023/08/16, 00:02:19.107, 5572147773522, vstest.console.dll, MulticastDelegateUtilities.SafeInvoke: LengthPrefixCommunicationChannel: MessageReceived: Invoking callback 1/1 for Microsoft.VisualStudio.TestPlatform.CommunicationUtilities.TestRequestSender+<>c__DisplayClass31_0., took 0 ms.
TpTrace Verbose: 0 : 30556, 10, 2023/08/16, 00:02:19.107, 5572147774062, vstest.console.dll, TcpClientExtensions.MessageLoopAsync: Polling on remoteEndPoint: 127.0.0.1:63393 localEndPoint: 127.0.0.1:63392
TpTrace Verbose: 0 : 30556, 10, 2023/08/16, 00:02:19.134, 5572148044621, vstest.console.dll, TcpClientExtensions.MessageLoopAsync: NotifyDataAvailable remoteEndPoint: 127.0.0.1:63393 localEndPoint: 127.0.0.1:63392
TpTrace Verbose: 0 : 30556, 10, 2023/08/16, 00:02:19.134, 5572148046501, vstest.console.dll, TestRequestSender.OnExecutionMessageReceived: Received message: {"Version":7,"MessageType":"TestSession.Message","Payload":{"MessageLevel":0,"Message":"Running all tests in C:\\Users\\Johny\\Documents\\GitHub\\SoftUniCourseProject_PerfectBudgetApp\\PerfectBudgetApp\\PerfectBudget.Test\\bin\\Debug\\net6.0\\fine-code-coverage\\build-output\\PerfectBudget.Test.dll"}}
TpTrace Verbose: 0 : 30556, 10, 2023/08/16, 00:02:19.135, 5572148047896, vstest.console.dll, TestRunRequest:SendTestRunMessage: Starting.
TpTrace Verbose: 0 : 30556, 10, 2023/08/16, 00:02:19.135, 5572148048653, vstest.console.dll, MulticastDelegateUtilities.SafeInvoke: TestRun.LogMessages: Invoking callback 1/1 for Microsoft.VisualStudio.TestPlatform.CommandLine.TestRunResultAggregator., took 0 ms.
TpTrace Verbose: 0 : 30556, 4, 2023/08/16, 00:02:19.135, 5572148049034, vstest.console.dll, MulticastDelegateUtilities.SafeInvoke: InternalTestLoggerEvents.SendTestRunMessage: Invoking callback 1/1 for Microsoft.VisualStudio.TestPlatform.CommandLine.Internal.ConsoleLogger., took 0 ms.
TpTrace Information: 0 : 30556, 10, 2023/08/16, 00:02:19.135, 5572148049099, vstest.console.dll, TestRunRequest:SendTestRunMessage: Completed.
TpTrace Verbose: 0 : 30556, 10, 2023/08/16, 00:02:19.135, 5572148050778, vstest.console.dll, MulticastDelegateUtilities.SafeInvoke: LengthPrefixCommunicationChannel: MessageReceived: Invoking callback 1/1 for Microsoft.VisualStudio.TestPlatform.CommunicationUtilities.TestRequestSender+<>c__DisplayClass31_0., took 0 ms.
TpTrace Verbose: 0 : 30556, 10, 2023/08/16, 00:02:19.135, 5572148051368, vstest.console.dll, TcpClientExtensions.MessageLoopAsync: Polling on remoteEndPoint: 127.0.0.1:63393 localEndPoint: 127.0.0.1:63392
TpTrace Verbose: 0 : 30556, 10, 2023/08/16, 00:02:19.738, 5572154085647, vstest.console.dll, TcpClientExtensions.MessageLoopAsync: NotifyDataAvailable remoteEndPoint: 127.0.0.1:63393 localEndPoint: 127.0.0.1:63392
TpTrace Verbose: 0 : 30556, 10, 2023/08/16, 00:02:19.739, 5572154087720, vstest.console.dll, TestRequestSender.OnExecutionMessageReceived: Received message: {"Version":7,"MessageType":"TestSession.Message","Payload":{"MessageLevel":0,"Message":"   NUnit3TestExecutor discovered 2 of 2 NUnit test cases using Current Discovery mode, Non-Explicit run"}}
TpTrace Verbose: 0 : 30556, 10, 2023/08/16, 00:02:19.739, 5572154089392, vstest.console.dll, TestRunRequest:SendTestRunMessage: Starting.
TpTrace Verbose: 0 : 30556, 10, 2023/08/16, 00:02:19.739, 5572154090404, vstest.console.dll, MulticastDelegateUtilities.SafeInvoke: TestRun.LogMessages: Invoking callback 1/1 for Microsoft.VisualStudio.TestPlatform.CommandLine.TestRunResultAggregator., took 0 ms.
TpTrace Information: 0 : 30556, 10, 2023/08/16, 00:02:19.739, 5572154090943, vstest.console.dll, TestRunRequest:SendTestRunMessage: Completed.
TpTrace Verbose: 0 : 30556, 4, 2023/08/16, 00:02:19.739, 5572154090992, vstest.console.dll, MulticastDelegateUtilities.SafeInvoke: InternalTestLoggerEvents.SendTestRunMessage: Invoking callback 1/1 for Microsoft.VisualStudio.TestPlatform.CommandLine.Internal.ConsoleLogger., took 0 ms.
TpTrace Verbose: 0 : 30556, 10, 2023/08/16, 00:02:19.739, 5572154091441, vstest.console.dll, MulticastDelegateUtilities.SafeInvoke: LengthPrefixCommunicationChannel: MessageReceived: Invoking callback 1/1 for Microsoft.VisualStudio.TestPlatform.CommunicationUtilities.TestRequestSender+<>c__DisplayClass31_0., took 0 ms.
TpTrace Verbose: 0 : 30556, 10, 2023/08/16, 00:02:19.739, 5572154093122, vstest.console.dll, TcpClientExtensions.MessageLoopAsync: Polling on remoteEndPoint: 127.0.0.1:63393 localEndPoint: 127.0.0.1:63392
TpTrace Verbose: 0 : 30556, 10, 2023/08/16, 00:02:19.791, 5572154614722, vstest.console.dll, TcpClientExtensions.MessageLoopAsync: NotifyDataAvailable remoteEndPoint: 127.0.0.1:63393 localEndPoint: 127.0.0.1:63392
TpTrace Verbose: 0 : 30556, 10, 2023/08/16, 00:02:19.791, 5572154616640, vstest.console.dll, TestRequestSender.OnExecutionMessageReceived: Received message: {"Version":7,"MessageType":"TestSession.Message","Payload":{"MessageLevel":1,"Message":"Setup failed for test fixture PerfectBudget.Test.BudgetTest"}}
TpTrace Verbose: 0 : 30556, 10, 2023/08/16, 00:02:19.792, 5572154618431, vstest.console.dll, TestRunRequest:SendTestRunMessage: Starting.
TpTrace Verbose: 0 : 30556, 10, 2023/08/16, 00:02:19.792, 5572154619518, vstest.console.dll, MulticastDelegateUtilities.SafeInvoke: TestRun.LogMessages: Invoking callback 1/1 for Microsoft.VisualStudio.TestPlatform.CommandLine.TestRunResultAggregator., took 0 ms.
TpTrace Information: 0 : 30556, 10, 2023/08/16, 00:02:19.792, 5572154620283, vstest.console.dll, TestRunRequest:SendTestRunMessage: Completed.
TpTrace Verbose: 0 : 30556, 10, 2023/08/16, 00:02:19.792, 5572154621053, vstest.console.dll, MulticastDelegateUtilities.SafeInvoke: LengthPrefixCommunicationChannel: MessageReceived: Invoking callback 1/1 for Microsoft.VisualStudio.TestPlatform.CommunicationUtilities.TestRequestSender+<>c__DisplayClass31_0., took 0 ms.
TpTrace Verbose: 0 : 30556, 4, 2023/08/16, 00:02:19.792, 5572154621325, vstest.console.dll, MulticastDelegateUtilities.SafeInvoke: InternalTestLoggerEvents.SendTestRunMessage: Invoking callback 1/1 for Microsoft.VisualStudio.TestPlatform.CommandLine.Internal.ConsoleLogger., took 0 ms.
TpTrace Verbose: 0 : 30556, 10, 2023/08/16, 00:02:19.792, 5572154622210, vstest.console.dll, TcpClientExtensions.MessageLoopAsync: Polling on remoteEndPoint: 127.0.0.1:63393 localEndPoint: 127.0.0.1:63392
TpTrace Verbose: 0 : 30556, 10, 2023/08/16, 00:02:19.792, 5572154623979, vstest.console.dll, TcpClientExtensions.MessageLoopAsync: NotifyDataAvailable remoteEndPoint: 127.0.0.1:63393 localEndPoint: 127.0.0.1:63392
TpTrace Verbose: 0 : 30556, 10, 2023/08/16, 00:02:19.792, 5572154624842, vstest.console.dll, TestRequestSender.OnExecutionMessageReceived: Received message: {"Version":7,"MessageType":"TestSession.Message","Payload":{"MessageLevel":1,"Message":"No suitable constructor was found"}}
TpTrace Verbose: 0 : 30556, 10, 2023/08/16, 00:02:19.792, 5572154626221, vstest.console.dll, TestRunRequest:SendTestRunMessage: Starting.
TpTrace Verbose: 0 : 30556, 10, 2023/08/16, 00:02:19.793, 5572154627639, vstest.console.dll, MulticastDelegateUtilities.SafeInvoke: TestRun.LogMessages: Invoking callback 1/1 for Microsoft.VisualStudio.TestPlatform.CommandLine.TestRunResultAggregator., took 0 ms.
TpTrace Verbose: 0 : 30556, 4, 2023/08/16, 00:02:19.793, 5572154628194, vstest.console.dll, MulticastDelegateUtilities.SafeInvoke: InternalTestLoggerEvents.SendTestRunMessage: Invoking callback 1/1 for Microsoft.VisualStudio.TestPlatform.CommandLine.Internal.ConsoleLogger., took 0 ms.
TpTrace Information: 0 : 30556, 10, 2023/08/16, 00:02:19.793, 5572154630361, vstest.console.dll, TestRunRequest:SendTestRunMessage: Completed.
TpTrace Verbose: 0 : 30556, 10, 2023/08/16, 00:02:19.793, 5572154631118, vstest.console.dll, MulticastDelegateUtilities.SafeInvoke: LengthPrefixCommunicationChannel: MessageReceived: Invoking callback 1/1 for Microsoft.VisualStudio.TestPlatform.CommunicationUtilities.TestRequestSender+<>c__DisplayClass31_0., took 0 ms.
TpTrace Verbose: 0 : 30556, 10, 2023/08/16, 00:02:19.793, 5572154631728, vstest.console.dll, TcpClientExtensions.MessageLoopAsync: Polling on remoteEndPoint: 127.0.0.1:63393 localEndPoint: 127.0.0.1:63392
TpTrace Verbose: 0 : 30556, 10, 2023/08/16, 00:02:19.839, 5572155093393, vstest.console.dll, TcpClientExtensions.MessageLoopAsync: NotifyDataAvailable remoteEndPoint: 127.0.0.1:63393 localEndPoint: 127.0.0.1:63392
TpTrace Verbose: 0 : 30556, 10, 2023/08/16, 00:02:19.839, 5572155094985, vstest.console.dll, TestRequestSender.OnExecutionMessageReceived: Received message: {"Version":7,"MessageType":"TestSession.Message","Payload":{"MessageLevel":0,"Message":"NUnit Adapter 4.2.0.0: Test execution complete"}}
TpTrace Verbose: 0 : 30556, 10, 2023/08/16, 00:02:19.840, 5572155097164, vstest.console.dll, TestRunRequest:SendTestRunMessage: Starting.
TpTrace Verbose: 0 : 30556, 10, 2023/08/16, 00:02:19.840, 5572155098041, vstest.console.dll, MulticastDelegateUtilities.SafeInvoke: TestRun.LogMessages: Invoking callback 1/1 for Microsoft.VisualStudio.TestPlatform.CommandLine.TestRunResultAggregator., took 0 ms.
TpTrace Information: 0 : 30556, 10, 2023/08/16, 00:02:19.840, 5572155098476, vstest.console.dll, TestRunRequest:SendTestRunMessage: Completed.
TpTrace Verbose: 0 : 30556, 4, 2023/08/16, 00:02:19.840, 5572155098416, vstest.console.dll, MulticastDelegateUtilities.SafeInvoke: InternalTestLoggerEvents.SendTestRunMessage: Invoking callback 1/1 for Microsoft.VisualStudio.TestPlatform.CommandLine.Internal.ConsoleLogger., took 0 ms.
TpTrace Verbose: 0 : 30556, 10, 2023/08/16, 00:02:19.840, 5572155098911, vstest.console.dll, MulticastDelegateUtilities.SafeInvoke: LengthPrefixCommunicationChannel: MessageReceived: Invoking callback 1/1 for Microsoft.VisualStudio.TestPlatform.CommunicationUtilities.TestRequestSender+<>c__DisplayClass31_0., took 0 ms.
TpTrace Verbose: 0 : 30556, 10, 2023/08/16, 00:02:19.840, 5572155100524, vstest.console.dll, TcpClientExtensions.MessageLoopAsync: Polling on remoteEndPoint: 127.0.0.1:63393 localEndPoint: 127.0.0.1:63392
TpTrace Verbose: 0 : 30556, 10, 2023/08/16, 00:02:19.876, 5572155460312, vstest.console.dll, TcpClientExtensions.MessageLoopAsync: NotifyDataAvailable remoteEndPoint: 127.0.0.1:63393 localEndPoint: 127.0.0.1:63392
TpTrace Verbose: 0 : 30556, 10, 2023/08/16, 00:02:19.876, 5572155462464, vstest.console.dll, TestRequestSender.OnExecutionMessageReceived: Received message: {"Version":7,"MessageType":"TestExecution.Completed","Payload":{"TestRunCompleteArgs":{"TestRunStatistics":{"ExecutedTests":2,"Stats":{"Failed":1,"Passed":1}},"IsCanceled":false,"IsAborted":false,"Error":null,"AttachmentSets":[],"InvokedDataCollectors":[],"ElapsedTimeInRunningTests":"00:00:00.7518225","Metrics":{},"DiscoveredExtensions":{"TestDiscoverers":["NUnit.VisualStudio.TestAdapter.NUnit3TestDiscoverer, NUnit3.TestAdapter, Version=4.2.0.0, Culture=neutral, PublicKeyToken=4cb40d35494691ac"],"TestExecutors":["executor://NUnit3TestExecutor"],"TestExecutors2":[],"TestSettingsProviders":[]}},"LastRunTests":{"NewTestResults":[{"TestCase":{"Id":"2b9bb7a0-e4ac-99bb-acd7-6b533bcb8afc","FullyQualifiedName":"PerfectBudget.Test.BudgetTest.CreateBudgetTest","DisplayName":"CreateBudgetTest","ExecutorUri":"executor://NUnit3TestExecutor","Source":"C:\\Users\\Johny\\Documents\\GitHub\\SoftUniCourseProject_PerfectBudgetApp\\PerfectBudgetApp\\PerfectBudget.Test\\bin\\Debug\\net6.0\\fine-code-coverage\\build-output\\PerfectBudget.Test.dll","CodeFilePath":null,"LineNumber":0,"Properties":[{"Key":{"Id":"NUnit.Seed","Label":"Seed","Category":"","Description":"","Attributes":0,"ValueType":"System.String"},"Value":"1593407661"}]},"Attachments":[],"Outcome":2,"ErrorMessage":"OneTimeSetUp: No suitable constructor was found","ErrorStackTrace":"","DisplayName":"CreateBudgetTest","Messages":[],"ComputerName":"DESKTOP-D308R5F","Duration":"00:00:00.0053600","StartTime":"2023-08-15T21:02:19.7626195+00:00","EndTime":"2023-08-15T21:02:19.7679061+00:00","Properties":[{"Key":{"Id":"NUnit.Seed","Label":"Seed","Category":"","Description":"","Attributes":0,"ValueType":"System.String"},"Value":"1593407661"}]},{"TestCase":{"Id":"2bac5bb8-eeff-6a55-feae-80d1e67ddbf6","FullyQualifiedName":"PerfectBudget.Test.Tests.Test1","DisplayName":"Test1","ExecutorUri":"executor://NUnit3TestExecutor","Source":"C:\\Users\\Johny\\Documents\\GitHub\\SoftUniCourseProject_PerfectBudgetApp\\PerfectBudgetApp\\PerfectBudget.Test\\bin\\Debug\\net6.0\\fine-code-coverage\\build-output\\PerfectBudget.Test.dll","CodeFilePath":null,"LineNumber":0,"Properties":[{"Key":{"Id":"NUnit.Seed","Label":"Seed","Category":"","Description":"","Attributes":0,"ValueType":"System.String"},"Value":"1911946382"}]},"Attachments":[],"Outcome":1,"ErrorMessage":null,"ErrorStackTrace":null,"DisplayName":"Test1","Messages":[],"ComputerName":"DESKTOP-D308R5F","Duration":"00:00:00.0233790","StartTime":"2023-08-15T21:02:19.7720195+00:00","EndTime":"2023-08-15T21:02:19.7953978+00:00","Properties":[{"Key":{"Id":"NUnit.Seed","Label":"Seed","Category":"","Description":"","Attributes":0,"ValueType":"System.String"},"Value":"1911946382"}]}],"TestRunStatistics":{"ExecutedTests":2,"Stats":{"Failed":1,"Passed":1}},"ActiveTests":[]},"RunAttachments":[],"ExecutorUris":["executor://nunit3testexecutor/"]}}
TpTrace Verbose: 0 : 30556, 10, 2023/08/16, 00:02:19.876, 5572155463476, vstest.console.dll, TestRequestSender.EndSession: Sending end session.
TpTrace Verbose: 0 : 30556, 10, 2023/08/16, 00:02:19.876, 5572155465364, vstest.console.dll, ProxyOperationManager.Close: waiting for test host to exit for 100 ms
TpTrace Warning: 0 : 30556, 11, 2023/08/16, 00:02:19.886, 5572155560657, vstest.console.dll, TestHostManagerCallbacks.ErrorReceivedCallback Test host standard error line: 
TpTrace Verbose: 0 : 30556, 11, 2023/08/16, 00:02:19.895, 5572155647430, vstest.console.dll, TestHostProvider.ExitCallBack: Host exited starting callback.
TpTrace Information: 0 : 30556, 11, 2023/08/16, 00:02:19.895, 5572155649259, vstest.console.dll, TestHostManagerCallbacks.ExitCallBack: Testhost processId: 30732 exited with exitcode: 0 error: ''
TpTrace Verbose: 0 : 30556, 11, 2023/08/16, 00:02:19.895, 5572155649836, vstest.console.dll, DotnetTestHostManager.OnHostExited: invoking OnHostExited callback
TpTrace Verbose: 0 : 30556, 11, 2023/08/16, 00:02:19.895, 5572155650425, vstest.console.dll, CrossPlatEngine.TestHostManagerHostExited: calling on client process exit callback.
TpTrace Information: 0 : 30556, 11, 2023/08/16, 00:02:19.895, 5572155651012, vstest.console.dll, TestRequestSender.OnClientProcessExit: Test host process exited. Standard error: 
TpTrace Information: 0 : 30556, 11, 2023/08/16, 00:02:19.895, 5572155651615, vstest.console.dll, SocketServer.Stop: Stop server endPoint: 127.0.0.1:63392
TpTrace Information: 0 : 30556, 11, 2023/08/16, 00:02:19.895, 5572155652029, vstest.console.dll, SocketServer.Stop: Cancellation requested. Stopping message loop.
TpTrace Information: 0 : 30556, 10, 2023/08/16, 00:02:19.895, 5572155652194, vstest.console.dll, SocketServer.Stop: Stop server endPoint: 127.0.0.1:63392
TpTrace Verbose: 0 : 30556, 11, 2023/08/16, 00:02:19.895, 5572155652870, vstest.console.dll, MulticastDelegateUtilities.SafeInvoke: HostProviderEvents.OnHostExited: Invoking callback 1/1 for Microsoft.VisualStudio.TestPlatform.CrossPlatEngine.Client.ProxyOperationManager., took 0 ms.
TpTrace Information: 0 : 30556, 10, 2023/08/16, 00:02:19.895, 5572155653529, vstest.console.dll, SocketServer.Stop: Cancellation requested. Stopping message loop.
TpTrace Information: 0 : 30556, 10, 2023/08/16, 00:02:19.895, 5572155654478, vstest.console.dll, Closing the connection
TpTrace Verbose: 0 : 30556, 10, 2023/08/16, 00:02:19.896, 5572155657024, vstest.console.dll, ProxyDataCollectionManager.InvokeDataCollectionServiceAction: Starting.
TpTrace Information: 0 : 30556, 10, 2023/08/16, 00:02:19.896, 5572155657829, vstest.console.dll, ProxyDataCollectionManager.AfterTestRunEnd: Get attachment set and invoked data collectors processId: 12048 port: 63389
TpTrace Verbose: 0 : 30556, 10, 2023/08/16, 00:02:19.896, 5572155658583, vstest.console.dll, DataCollectionRequestSender.SendAfterTestRunStartAndGetResult: Send AfterTestRunEnd message with isCancelled: False
TpTrace Verbose: 0 : 30556, 10, 2023/08/16, 00:02:19.903, 5572155733500, vstest.console.dll, DataCollectionRequestSender.SendAfterTestRunStartAndGetResult: Received message: (DataCollection.AfterTestRunEndResult) -> {"MessageType":"DataCollection.AfterTestRunEndResult","Payload":{"AttachmentSets":[],"InvokedDataCollectors":[{"Uri":"datacollector://Microsoft/TestPlatform/Extensions/Blame/v1","FriendlyName":"Blame","AssemblyQualifiedName":"Microsoft.TestPlatform.Extensions.BlameDataCollector.BlameCollector, Microsoft.TestPlatform.Extensions.BlameDataCollector, Version=15.0.0.0, Culture=neutral, PublicKeyToken=b03f5f7f11d50a3a","FilePath":"C:\\Program Files\\dotnet\\sdk\\7.0.103\\Extensions\\Microsoft.TestPlatform.Extensions.BlameDataCollector.dll","HasAttachmentProcessor":false}],"Metrics":{}}}
TpTrace Warning: 0 : 30556, 9, 2023/08/16, 00:02:19.909, 5572155788279, vstest.console.dll, DataCollectionLauncher.ErrorReceivedCallback datacollector standard error line: 
TpTrace Information: 0 : 30556, 10, 2023/08/16, 00:02:19.911, 5572155815671, vstest.console.dll, ProxyDataCollectionManager.InvokeDataCollectionServiceAction: Completed.
TpTrace Information: 0 : 30556, 9, 2023/08/16, 00:02:19.917, 5572155875666, vstest.console.dll, DataCollectionLauncher.ExitCallBack: Data collector exited with exitcode: 0 error: ''
TpTrace Verbose: 0 : 30556, 10, 2023/08/16, 00:02:19.977, 5572156469903, vstest.console.dll, TestRunRequest:SendTestRunStatsChange: Starting.
TpTrace Verbose: 0 : 30556, 10, 2023/08/16, 00:02:19.977, 5572156473346, vstest.console.dll, MulticastDelegateUtilities.SafeInvoke: TestRun.RunStatsChanged: Invoking callbacks was skipped because there are no subscribers.
TpTrace Information: 0 : 30556, 10, 2023/08/16, 00:02:19.977, 5572156474095, vstest.console.dll, TestRunRequest:SendTestRunStatsChange: Completed.
TpTrace Verbose: 0 : 30556, 10, 2023/08/16, 00:02:19.978, 5572156478512, vstest.console.dll, ParallelProxyExecutionManager: HandlePartialRunComplete: Total completed clients = 1, Run complete = True, Run canceled: False.
TpTrace Verbose: 0 : 30556, 4, 2023/08/16, 00:02:19.979, 5572156495782, vstest.console.dll, MulticastDelegateUtilities.SafeInvoke: InternalTestLoggerEvents.SendTestResult: Invoking callback 1/1 for Microsoft.VisualStudio.TestPlatform.CommandLine.Internal.ConsoleLogger., took 2 ms.
TpTrace Verbose: 0 : 30556, 4, 2023/08/16, 00:02:19.980, 5572156499001, vstest.console.dll, MulticastDelegateUtilities.SafeInvoke: InternalTestLoggerEvents.SendTestResult: Invoking callback 1/1 for Microsoft.VisualStudio.TestPlatform.CommandLine.Internal.ConsoleLogger., took 0 ms.
TpTrace Verbose: 0 : 30556, 4, 2023/08/16, 00:02:19.987, 5572156570432, vstest.console.dll, MulticastDelegateUtilities.SafeInvoke: InternalTestLoggerEvents.SendTestRunComplete: Invoking callback 1/2 for Microsoft.TestPlatform.Extensions.BlameDataCollector.BlameLogger., took 0 ms.
TpTrace Verbose: 0 : 30556, 4, 2023/08/16, 00:02:19.994, 5572156639189, vstest.console.dll, MulticastDelegateUtilities.SafeInvoke: InternalTestLoggerEvents.SendTestRunComplete: Invoking callback 2/2 for Microsoft.VisualStudio.TestPlatform.CommandLine.Internal.ConsoleLogger., took 6 ms.
TpTrace Verbose: 0 : 30556, 10, 2023/08/16, 00:02:19.994, 5572156643505, vstest.console.dll, TestRunRequest:TestRunComplete: Starting. IsAborted:False IsCanceled:False.
TpTrace Verbose: 0 : 30556, 10, 2023/08/16, 00:02:19.995, 5572156654214, vstest.console.dll, TestLoggerManager.HandleTestRunComplete: Ignoring as the object is disposed.
TpTrace Verbose: 0 : 30556, 10, 2023/08/16, 00:02:19.995, 5572156656410, vstest.console.dll, MulticastDelegateUtilities.SafeInvoke: TestRun.TestRunComplete: Invoking callback 1/2 for Microsoft.VisualStudio.TestPlatform.CommandLine.TestRunResultAggregator., took 0 ms.
TpTrace Verbose: 0 : 30556, 10, 2023/08/16, 00:02:19.996, 5572156657857, vstest.console.dll, MulticastDelegateUtilities.SafeInvoke: TestRun.TestRunComplete: Invoking callback 2/2 for Microsoft.VisualStudio.TestPlatform.CommandLine.Processors.RunTestsArgumentExecutor+TestRunRequestEventsRegistrar., took 0 ms.
TpTrace Information: 0 : 30556, 10, 2023/08/16, 00:02:19.996, 5572156658811, vstest.console.dll, TestRunRequest:TestRunComplete: Completed.
TpTrace Verbose: 0 : 30556, 10, 2023/08/16, 00:02:19.996, 5572156659342, vstest.console.dll, TestRequestSender.SetOperationComplete: Setting operation complete.
TpTrace Verbose: 0 : 30556, 1, 2023/08/16, 00:02:19.996, 5572156659480, vstest.console.dll, TestRunRequest.Dispose: Starting.
TpTrace Information: 0 : 30556, 1, 2023/08/16, 00:02:19.996, 5572156660441, vstest.console.dll, TestRunRequest.Dispose: Completed.
TpTrace Information: 0 : 30556, 10, 2023/08/16, 00:02:19.996, 5572156660425, vstest.console.dll, SocketServer.Stop: Stop server endPoint: 127.0.0.1:63392
TpTrace Information: 0 : 30556, 1, 2023/08/16, 00:02:19.996, 5572156661030, vstest.console.dll, TestRequestManager.RunTests: run tests completed.
TpTrace Information: 0 : 30556, 10, 2023/08/16, 00:02:19.996, 5572156661694, vstest.console.dll, SocketServer.Stop: Cancellation requested. Stopping message loop.
TpTrace Information: 0 : 30556, 1, 2023/08/16, 00:02:19.996, 5572156663050, vstest.console.dll, RunTestsArgumentProcessor:Execute: Test run is completed.
TpTrace Verbose: 0 : 30556, 10, 2023/08/16, 00:02:19.996, 5572156663281, vstest.console.dll, MulticastDelegateUtilities.SafeInvoke: LengthPrefixCommunicationChannel: MessageReceived: Invoking callback 1/1 for Microsoft.VisualStudio.TestPlatform.CommunicationUtilities.TestRequestSender+<>c__DisplayClass31_0., took 120 ms.
TpTrace Information: 0 : 30556, 10, 2023/08/16, 00:02:19.996, 5572156664358, vstest.console.dll, SocketServer.PrivateStop: Stopping server endPoint: 127.0.0.1:63392 error: 
TpTrace Verbose: 0 : 30556, 1, 2023/08/16, 00:02:19.996, 5572156664907, vstest.console.dll, Executor.Execute: Exiting with exit code of 1
TpTrace Verbose: 0 : 30556, 10, 2023/08/16, 00:02:19.997, 5572156669189, vstest.console.dll, LengthPrefixCommunicationChannel.Dispose: Dispose reader and writer.
